{
  "/Users/tatanapulatova/RS-React/src/App.tsx": {
    "path": "/Users/tatanapulatova/RS-React/src/App.tsx",
    "all": false,
    "statementMap": {
      "0": {
        "start": { "line": 1, "column": 0 },
        "end": { "line": 1, "column": 19 }
      },
      "1": {
        "start": { "line": 2, "column": 0 },
        "end": { "line": 2, "column": 51 }
      },
      "2": {
        "start": { "line": 3, "column": 0 },
        "end": { "line": 3, "column": 51 }
      },
      "3": {
        "start": { "line": 4, "column": 0 },
        "end": { "line": 4, "column": 61 }
      },
      "4": {
        "start": { "line": 5, "column": 0 },
        "end": { "line": 5, "column": 54 }
      },
      "5": {
        "start": { "line": 6, "column": 0 },
        "end": { "line": 6, "column": 73 }
      },
      "6": {
        "start": { "line": 7, "column": 0 },
        "end": { "line": 7, "column": 62 }
      },
      "7": {
        "start": { "line": 8, "column": 0 },
        "end": { "line": 8, "column": 51 }
      },
      "9": {
        "start": { "line": 10, "column": 0 },
        "end": { "line": 10, "column": 36 }
      },
      "10": {
        "start": { "line": 11, "column": 0 },
        "end": { "line": 11, "column": 60 }
      },
      "11": {
        "start": { "line": 12, "column": 0 },
        "end": { "line": 12, "column": 47 }
      },
      "12": {
        "start": { "line": 13, "column": 0 },
        "end": { "line": 13, "column": 66 }
      },
      "13": {
        "start": { "line": 14, "column": 0 },
        "end": { "line": 14, "column": 21 }
      },
      "15": {
        "start": { "line": 16, "column": 0 },
        "end": { "line": 16, "column": 21 }
      },
      "16": {
        "start": { "line": 17, "column": 0 },
        "end": { "line": 17, "column": 80 }
      },
      "18": {
        "start": { "line": 19, "column": 0 },
        "end": { "line": 19, "column": 50 }
      },
      "19": {
        "start": { "line": 20, "column": 0 },
        "end": { "line": 20, "column": 41 }
      },
      "21": {
        "start": { "line": 22, "column": 0 },
        "end": { "line": 22, "column": 8 }
      },
      "22": {
        "start": { "line": 23, "column": 0 },
        "end": { "line": 23, "column": 48 }
      },
      "23": {
        "start": { "line": 24, "column": 0 },
        "end": { "line": 24, "column": 58 }
      },
      "24": {
        "start": { "line": 25, "column": 0 },
        "end": { "line": 25, "column": 44 }
      },
      "26": {
        "start": { "line": 27, "column": 0 },
        "end": { "line": 27, "column": 19 }
      },
      "27": {
        "start": { "line": 28, "column": 0 },
        "end": { "line": 28, "column": 26 }
      },
      "28": {
        "start": { "line": 29, "column": 0 },
        "end": { "line": 29, "column": 20 }
      },
      "30": {
        "start": { "line": 31, "column": 0 },
        "end": { "line": 31, "column": 33 }
      },
      "31": {
        "start": { "line": 32, "column": 0 },
        "end": { "line": 32, "column": 21 }
      },
      "32": {
        "start": { "line": 33, "column": 0 },
        "end": { "line": 33, "column": 19 }
      },
      "33": {
        "start": { "line": 34, "column": 0 },
        "end": { "line": 34, "column": 9 }
      },
      "34": {
        "start": { "line": 35, "column": 0 },
        "end": { "line": 35, "column": 48 }
      },
      "35": {
        "start": { "line": 36, "column": 0 },
        "end": { "line": 36, "column": 60 }
      },
      "36": {
        "start": { "line": 37, "column": 0 },
        "end": { "line": 37, "column": 38 }
      },
      "37": {
        "start": { "line": 38, "column": 0 },
        "end": { "line": 38, "column": 59 }
      },
      "38": {
        "start": { "line": 39, "column": 0 },
        "end": { "line": 39, "column": 8 }
      },
      "39": {
        "start": { "line": 40, "column": 0 },
        "end": { "line": 40, "column": 24 }
      },
      "40": {
        "start": { "line": 41, "column": 0 },
        "end": { "line": 41, "column": 17 }
      },
      "41": {
        "start": { "line": 42, "column": 0 },
        "end": { "line": 42, "column": 59 }
      },
      "42": {
        "start": { "line": 43, "column": 0 },
        "end": { "line": 43, "column": 15 }
      },
      "43": {
        "start": { "line": 44, "column": 0 },
        "end": { "line": 44, "column": 24 }
      },
      "44": {
        "start": { "line": 45, "column": 0 },
        "end": { "line": 45, "column": 5 }
      },
      "45": {
        "start": { "line": 46, "column": 0 },
        "end": { "line": 46, "column": 4 }
      },
      "47": {
        "start": { "line": 48, "column": 0 },
        "end": { "line": 48, "column": 35 }
      },
      "48": {
        "start": { "line": 49, "column": 0 },
        "end": { "line": 49, "column": 21 }
      },
      "49": {
        "start": { "line": 50, "column": 0 },
        "end": { "line": 50, "column": 19 }
      },
      "50": {
        "start": { "line": 51, "column": 0 },
        "end": { "line": 51, "column": 9 }
      },
      "51": {
        "start": { "line": 52, "column": 0 },
        "end": { "line": 52, "column": 59 }
      },
      "52": {
        "start": { "line": 53, "column": 0 },
        "end": { "line": 53, "column": 27 }
      },
      "53": {
        "start": { "line": 54, "column": 0 },
        "end": { "line": 54, "column": 17 }
      },
      "54": {
        "start": { "line": 55, "column": 0 },
        "end": { "line": 55, "column": 59 }
      },
      "55": {
        "start": { "line": 56, "column": 0 },
        "end": { "line": 56, "column": 15 }
      },
      "56": {
        "start": { "line": 57, "column": 0 },
        "end": { "line": 57, "column": 24 }
      },
      "57": {
        "start": { "line": 58, "column": 0 },
        "end": { "line": 58, "column": 5 }
      },
      "58": {
        "start": { "line": 59, "column": 0 },
        "end": { "line": 59, "column": 4 }
      },
      "60": {
        "start": { "line": 61, "column": 0 },
        "end": { "line": 61, "column": 19 }
      },
      "61": {
        "start": { "line": 62, "column": 0 },
        "end": { "line": 62, "column": 29 }
      },
      "62": {
        "start": { "line": 63, "column": 0 },
        "end": { "line": 63, "column": 18 }
      },
      "63": {
        "start": { "line": 64, "column": 0 },
        "end": { "line": 64, "column": 12 }
      },
      "64": {
        "start": { "line": 65, "column": 0 },
        "end": { "line": 65, "column": 20 }
      },
      "65": {
        "start": { "line": 66, "column": 0 },
        "end": { "line": 66, "column": 5 }
      },
      "66": {
        "start": { "line": 67, "column": 0 },
        "end": { "line": 67, "column": 31 }
      },
      "68": {
        "start": { "line": 69, "column": 0 },
        "end": { "line": 69, "column": 49 }
      },
      "69": {
        "start": { "line": 70, "column": 0 },
        "end": { "line": 70, "column": 24 }
      },
      "70": {
        "start": { "line": 71, "column": 0 },
        "end": { "line": 71, "column": 46 }
      },
      "71": {
        "start": { "line": 72, "column": 0 },
        "end": { "line": 72, "column": 50 }
      },
      "72": {
        "start": { "line": 73, "column": 0 },
        "end": { "line": 73, "column": 4 }
      },
      "73": {
        "start": { "line": 74, "column": 0 },
        "end": { "line": 74, "column": 29 }
      },
      "74": {
        "start": { "line": 75, "column": 0 },
        "end": { "line": 75, "column": 40 }
      },
      "75": {
        "start": { "line": 76, "column": 0 },
        "end": { "line": 76, "column": 23 }
      },
      "76": {
        "start": { "line": 77, "column": 0 },
        "end": { "line": 77, "column": 4 }
      },
      "78": {
        "start": { "line": 79, "column": 0 },
        "end": { "line": 79, "column": 10 }
      },
      "79": {
        "start": { "line": 80, "column": 0 },
        "end": { "line": 80, "column": 19 }
      },
      "80": {
        "start": { "line": 81, "column": 0 },
        "end": { "line": 81, "column": 21 }
      },
      "81": {
        "start": { "line": 82, "column": 0 },
        "end": { "line": 82, "column": 26 }
      },
      "82": {
        "start": { "line": 83, "column": 0 },
        "end": { "line": 83, "column": 55 }
      },
      "83": {
        "start": { "line": 84, "column": 0 },
        "end": { "line": 84, "column": 31 }
      },
      "84": {
        "start": { "line": 85, "column": 0 },
        "end": { "line": 85, "column": 25 }
      },
      "85": {
        "start": { "line": 86, "column": 0 },
        "end": { "line": 86, "column": 21 }
      },
      "86": {
        "start": { "line": 87, "column": 0 },
        "end": { "line": 87, "column": 29 }
      },
      "87": {
        "start": { "line": 88, "column": 0 },
        "end": { "line": 88, "column": 8 }
      },
      "89": {
        "start": { "line": 90, "column": 0 },
        "end": { "line": 90, "column": 58 }
      },
      "91": {
        "start": { "line": 92, "column": 0 },
        "end": { "line": 92, "column": 52 }
      },
      "92": {
        "start": { "line": 93, "column": 0 },
        "end": { "line": 93, "column": 36 }
      },
      "93": {
        "start": { "line": 94, "column": 0 },
        "end": { "line": 94, "column": 17 }
      },
      "94": {
        "start": { "line": 95, "column": 0 },
        "end": { "line": 95, "column": 37 }
      },
      "95": {
        "start": { "line": 96, "column": 0 },
        "end": { "line": 96, "column": 26 }
      },
      "96": {
        "start": { "line": 97, "column": 0 },
        "end": { "line": 97, "column": 74 }
      },
      "98": {
        "start": { "line": 99, "column": 0 },
        "end": { "line": 99, "column": 11 }
      },
      "100": {
        "start": { "line": 101, "column": 0 },
        "end": { "line": 101, "column": 19 }
      },
      "101": {
        "start": { "line": 102, "column": 0 },
        "end": { "line": 102, "column": 39 }
      },
      "102": {
        "start": { "line": 103, "column": 0 },
        "end": { "line": 103, "column": 17 }
      },
      "103": {
        "start": { "line": 104, "column": 0 },
        "end": { "line": 104, "column": 48 }
      },
      "104": {
        "start": { "line": 105, "column": 0 },
        "end": { "line": 105, "column": 26 }
      },
      "105": {
        "start": { "line": 106, "column": 0 },
        "end": { "line": 106, "column": 74 }
      },
      "107": {
        "start": { "line": 108, "column": 0 },
        "end": { "line": 108, "column": 11 }
      },
      "109": {
        "start": { "line": 110, "column": 0 },
        "end": { "line": 110, "column": 19 }
      },
      "110": {
        "start": { "line": 111, "column": 0 },
        "end": { "line": 111, "column": 14 }
      },
      "113": {
        "start": { "line": 114, "column": 0 },
        "end": { "line": 114, "column": 70 }
      },
      "115": {
        "start": { "line": 116, "column": 0 },
        "end": { "line": 116, "column": 15 }
      },
      "116": {
        "start": { "line": 117, "column": 0 },
        "end": { "line": 117, "column": 25 }
      },
      "117": {
        "start": { "line": 118, "column": 0 },
        "end": { "line": 118, "column": 20 }
      },
      "119": {
        "start": { "line": 120, "column": 0 },
        "end": { "line": 120, "column": 2 }
      }
    },
    "s": {
      "0": 1,
      "1": 1,
      "2": 1,
      "3": 1,
      "4": 1,
      "5": 1,
      "6": 1,
      "7": 1,
      "9": 1,
      "10": 35,
      "11": 35,
      "12": 35,
      "13": 35,
      "15": 35,
      "16": 35,
      "18": 35,
      "19": 35,
      "21": 35,
      "22": 35,
      "23": 35,
      "24": 35,
      "26": 35,
      "27": 10,
      "28": 35,
      "30": 35,
      "31": 5,
      "32": 5,
      "33": 5,
      "34": 5,
      "35": 5,
      "36": 4,
      "37": 4,
      "38": 4,
      "39": 4,
      "40": 4,
      "41": 0,
      "42": 4,
      "43": 4,
      "44": 4,
      "45": 5,
      "47": 35,
      "48": 6,
      "49": 6,
      "50": 6,
      "51": 6,
      "52": 5,
      "53": 6,
      "54": 1,
      "55": 6,
      "56": 6,
      "57": 6,
      "58": 6,
      "60": 35,
      "61": 10,
      "62": 5,
      "63": 5,
      "64": 5,
      "65": 5,
      "66": 35,
      "68": 35,
      "69": 4,
      "70": 4,
      "71": 4,
      "72": 4,
      "73": 35,
      "74": 1,
      "75": 1,
      "76": 1,
      "78": 35,
      "79": 35,
      "80": 35,
      "81": 35,
      "82": 35,
      "83": 35,
      "84": 35,
      "85": 35,
      "86": 35,
      "87": 35,
      "89": 35,
      "91": 35,
      "92": 1,
      "93": 1,
      "94": 1,
      "95": 1,
      "96": 0,
      "98": 1,
      "100": 1,
      "101": 1,
      "102": 1,
      "103": 1,
      "104": 1,
      "105": 0,
      "107": 1,
      "109": 1,
      "110": 1,
      "113": 35,
      "115": 35,
      "116": 35,
      "117": 35,
      "119": 35
    },
    "branchMap": {
      "0": {
        "type": "branch",
        "line": 10,
        "loc": {
          "start": { "line": 10, "column": 29 },
          "end": { "line": 120, "column": 2 }
        },
        "locations": [
          {
            "start": { "line": 10, "column": 29 },
            "end": { "line": 120, "column": 2 }
          }
        ]
      },
      "1": {
        "type": "branch",
        "line": 13,
        "loc": {
          "start": { "line": 13, "column": 52 },
          "end": { "line": 13, "column": 62 }
        },
        "locations": [
          {
            "start": { "line": 13, "column": 52 },
            "end": { "line": 13, "column": 62 }
          }
        ]
      },
      "2": {
        "type": "branch",
        "line": 17,
        "loc": {
          "start": { "line": 17, "column": 18 },
          "end": { "line": 17, "column": 38 }
        },
        "locations": [
          {
            "start": { "line": 17, "column": 18 },
            "end": { "line": 17, "column": 38 }
          }
        ]
      },
      "3": {
        "type": "branch",
        "line": 17,
        "loc": {
          "start": { "line": 17, "column": 25 },
          "end": { "line": 17, "column": 80 }
        },
        "locations": [
          {
            "start": { "line": 17, "column": 25 },
            "end": { "line": 17, "column": 80 }
          }
        ]
      },
      "4": {
        "type": "branch",
        "line": 17,
        "loc": {
          "start": { "line": 17, "column": 71 },
          "end": { "line": 17, "column": 80 }
        },
        "locations": [
          {
            "start": { "line": 17, "column": 71 },
            "end": { "line": 17, "column": 80 }
          }
        ]
      },
      "5": {
        "type": "branch",
        "line": 92,
        "loc": {
          "start": { "line": 92, "column": 23 },
          "end": { "line": 92, "column": 52 }
        },
        "locations": [
          {
            "start": { "line": 92, "column": 23 },
            "end": { "line": 92, "column": 52 }
          }
        ]
      },
      "6": {
        "type": "branch",
        "line": 92,
        "loc": {
          "start": { "line": 92, "column": 46 },
          "end": { "line": 111, "column": 14 }
        },
        "locations": [
          {
            "start": { "line": 92, "column": 46 },
            "end": { "line": 111, "column": 14 }
          }
        ]
      },
      "7": {
        "type": "branch",
        "line": 117,
        "loc": {
          "start": { "line": 117, "column": 7 },
          "end": { "line": 117, "column": 25 }
        },
        "locations": [
          {
            "start": { "line": 117, "column": 7 },
            "end": { "line": 117, "column": 25 }
          }
        ]
      },
      "8": {
        "type": "branch",
        "line": 27,
        "loc": {
          "start": { "line": 27, "column": 12 },
          "end": { "line": 29, "column": 5 }
        },
        "locations": [
          {
            "start": { "line": 27, "column": 12 },
            "end": { "line": 29, "column": 5 }
          }
        ]
      },
      "9": {
        "type": "branch",
        "line": 31,
        "loc": {
          "start": { "line": 31, "column": 20 },
          "end": { "line": 46, "column": 4 }
        },
        "locations": [
          {
            "start": { "line": 31, "column": 20 },
            "end": { "line": 46, "column": 4 }
          }
        ]
      },
      "10": {
        "type": "branch",
        "line": 36,
        "loc": {
          "start": { "line": 36, "column": 58 },
          "end": { "line": 45, "column": 5 }
        },
        "locations": [
          {
            "start": { "line": 36, "column": 58 },
            "end": { "line": 45, "column": 5 }
          }
        ]
      },
      "11": {
        "type": "branch",
        "line": 41,
        "loc": {
          "start": { "line": 41, "column": 4 },
          "end": { "line": 43, "column": 6 }
        },
        "locations": [
          {
            "start": { "line": 41, "column": 4 },
            "end": { "line": 43, "column": 6 }
          }
        ]
      },
      "12": {
        "type": "branch",
        "line": 38,
        "loc": {
          "start": { "line": 38, "column": 25 },
          "end": { "line": 38, "column": 58 }
        },
        "locations": [
          {
            "start": { "line": 38, "column": 25 },
            "end": { "line": 38, "column": 58 }
          }
        ]
      },
      "13": {
        "type": "branch",
        "line": 48,
        "loc": {
          "start": { "line": 48, "column": 22 },
          "end": { "line": 59, "column": 4 }
        },
        "locations": [
          {
            "start": { "line": 48, "column": 22 },
            "end": { "line": 59, "column": 4 }
          }
        ]
      },
      "14": {
        "type": "branch",
        "line": 52,
        "loc": {
          "start": { "line": 52, "column": 57 },
          "end": { "line": 54, "column": 13 }
        },
        "locations": [
          {
            "start": { "line": 52, "column": 57 },
            "end": { "line": 54, "column": 13 }
          }
        ]
      },
      "15": {
        "type": "branch",
        "line": 54,
        "loc": {
          "start": { "line": 54, "column": 4 },
          "end": { "line": 56, "column": 6 }
        },
        "locations": [
          {
            "start": { "line": 54, "column": 4 },
            "end": { "line": 56, "column": 6 }
          }
        ]
      },
      "16": {
        "type": "branch",
        "line": 55,
        "loc": {
          "start": { "line": 55, "column": 38 },
          "end": { "line": 55, "column": 57 }
        },
        "locations": [
          {
            "start": { "line": 55, "column": 38 },
            "end": { "line": 55, "column": 57 }
          }
        ]
      },
      "17": {
        "type": "branch",
        "line": 61,
        "loc": {
          "start": { "line": 61, "column": 12 },
          "end": { "line": 67, "column": 5 }
        },
        "locations": [
          {
            "start": { "line": 61, "column": 12 },
            "end": { "line": 67, "column": 5 }
          }
        ]
      },
      "18": {
        "type": "branch",
        "line": 62,
        "loc": {
          "start": { "line": 62, "column": 28 },
          "end": { "line": 66, "column": 5 }
        },
        "locations": [
          {
            "start": { "line": 62, "column": 28 },
            "end": { "line": 66, "column": 5 }
          }
        ]
      },
      "19": {
        "type": "branch",
        "line": 69,
        "loc": {
          "start": { "line": 69, "column": 23 },
          "end": { "line": 73, "column": 4 }
        },
        "locations": [
          {
            "start": { "line": 69, "column": 23 },
            "end": { "line": 73, "column": 4 }
          }
        ]
      },
      "20": {
        "type": "branch",
        "line": 74,
        "loc": {
          "start": { "line": 74, "column": 22 },
          "end": { "line": 77, "column": 4 }
        },
        "locations": [
          {
            "start": { "line": 74, "column": 22 },
            "end": { "line": 77, "column": 4 }
          }
        ]
      },
      "21": {
        "type": "branch",
        "line": 75,
        "loc": {
          "start": { "line": 75, "column": 28 },
          "end": { "line": 75, "column": 40 }
        },
        "locations": [
          {
            "start": { "line": 75, "column": 28 },
            "end": { "line": 75, "column": 40 }
          }
        ]
      },
      "22": {
        "type": "branch",
        "line": 83,
        "loc": {
          "start": { "line": 83, "column": 23 },
          "end": { "line": 83, "column": 55 }
        },
        "locations": [
          {
            "start": { "line": 83, "column": 23 },
            "end": { "line": 83, "column": 55 }
          }
        ]
      }
    },
    "b": {
      "0": [35],
      "1": [20],
      "2": [15],
      "3": [20],
      "4": [17],
      "5": [17],
      "6": [1],
      "7": [0],
      "8": [10],
      "9": [5],
      "10": [4],
      "11": [0],
      "12": [2],
      "13": [6],
      "14": [5],
      "15": [1],
      "16": [0],
      "17": [10],
      "18": [5],
      "19": [4],
      "20": [1],
      "21": [0],
      "22": [4]
    },
    "fnMap": {
      "0": {
        "name": "App",
        "decl": {
          "start": { "line": 10, "column": 29 },
          "end": { "line": 120, "column": 2 }
        },
        "loc": {
          "start": { "line": 10, "column": 29 },
          "end": { "line": 120, "column": 2 }
        },
        "line": 10
      },
      "1": {
        "name": "fetchList",
        "decl": {
          "start": { "line": 31, "column": 20 },
          "end": { "line": 46, "column": 4 }
        },
        "loc": {
          "start": { "line": 31, "column": 20 },
          "end": { "line": 46, "column": 4 }
        },
        "line": 31
      },
      "2": {
        "name": "fetchSingle",
        "decl": {
          "start": { "line": 48, "column": 22 },
          "end": { "line": 59, "column": 4 }
        },
        "loc": {
          "start": { "line": 48, "column": 22 },
          "end": { "line": 59, "column": 4 }
        },
        "line": 48
      },
      "3": {
        "name": "handleSubmit",
        "decl": {
          "start": { "line": 69, "column": 23 },
          "end": { "line": 73, "column": 4 }
        },
        "loc": {
          "start": { "line": 69, "column": 23 },
          "end": { "line": 73, "column": 4 }
        },
        "line": 69
      },
      "4": {
        "name": "handleRetry",
        "decl": {
          "start": { "line": 74, "column": 22 },
          "end": { "line": 77, "column": 4 }
        },
        "loc": {
          "start": { "line": 74, "column": 22 },
          "end": { "line": 77, "column": 4 }
        },
        "line": 74
      },
      "5": {
        "name": "onInputChange",
        "decl": {
          "start": { "line": 83, "column": 23 },
          "end": { "line": 83, "column": 55 }
        },
        "loc": {
          "start": { "line": 83, "column": 23 },
          "end": { "line": 83, "column": 55 }
        },
        "line": 83
      },
      "6": {
        "name": "onClick",
        "decl": {
          "start": { "line": 96, "column": 21 },
          "end": { "line": 97, "column": 74 }
        },
        "loc": {
          "start": { "line": 96, "column": 21 },
          "end": { "line": 97, "column": 74 }
        },
        "line": 96
      },
      "7": {
        "name": "onClick",
        "decl": {
          "start": { "line": 105, "column": 21 },
          "end": { "line": 106, "column": 74 }
        },
        "loc": {
          "start": { "line": 105, "column": 21 },
          "end": { "line": 106, "column": 74 }
        },
        "line": 105
      },
      "8": {
        "name": "onClick",
        "decl": {
          "start": { "line": 114, "column": 48 },
          "end": { "line": 114, "column": 70 }
        },
        "loc": {
          "start": { "line": 114, "column": 48 },
          "end": { "line": 114, "column": 70 }
        },
        "line": 114
      }
    },
    "f": {
      "0": 35,
      "1": 5,
      "2": 6,
      "3": 4,
      "4": 1,
      "5": 4,
      "6": 0,
      "7": 0,
      "8": 0
    }
  },
  "/Users/tatanapulatova/RS-React/src/card/PokemonCard.tsx": {
    "path": "/Users/tatanapulatova/RS-React/src/card/PokemonCard.tsx",
    "all": false,
    "statementMap": {
      "0": {
        "start": { "line": 1, "column": 0 },
        "end": { "line": 1, "column": 8 }
      },
      "6": {
        "start": { "line": 7, "column": 0 },
        "end": { "line": 7, "column": 38 }
      },
      "8": {
        "start": { "line": 9, "column": 0 },
        "end": { "line": 9, "column": 46 }
      },
      "9": {
        "start": { "line": 10, "column": 0 },
        "end": { "line": 10, "column": 7 }
      },
      "10": {
        "start": { "line": 11, "column": 0 },
        "end": { "line": 11, "column": 26 }
      },
      "11": {
        "start": { "line": 12, "column": 0 },
        "end": { "line": 12, "column": 11 }
      },
      "12": {
        "start": { "line": 13, "column": 0 },
        "end": { "line": 13, "column": 20 }
      },
      "13": {
        "start": { "line": 14, "column": 0 },
        "end": { "line": 14, "column": 3 }
      },
      "14": {
        "start": { "line": 15, "column": 0 },
        "end": { "line": 15, "column": 1 }
      },
      "16": {
        "start": { "line": 17, "column": 0 },
        "end": { "line": 17, "column": 54 }
      },
      "17": {
        "start": { "line": 18, "column": 0 },
        "end": { "line": 18, "column": 7 }
      },
      "18": {
        "start": { "line": 19, "column": 0 },
        "end": { "line": 19, "column": 31 }
      },
      "19": {
        "start": { "line": 20, "column": 0 },
        "end": { "line": 20, "column": 34 }
      },
      "20": {
        "start": { "line": 21, "column": 0 },
        "end": { "line": 21, "column": 11 }
      },
      "21": {
        "start": { "line": 22, "column": 0 },
        "end": { "line": 22, "column": 26 }
      },
      "22": {
        "start": { "line": 23, "column": 0 },
        "end": { "line": 23, "column": 3 }
      },
      "23": {
        "start": { "line": 24, "column": 0 },
        "end": { "line": 24, "column": 1 }
      },
      "25": {
        "start": { "line": 26, "column": 0 },
        "end": { "line": 26, "column": 79 }
      },
      "26": {
        "start": { "line": 27, "column": 0 },
        "end": { "line": 27, "column": 37 }
      },
      "27": {
        "start": { "line": 28, "column": 0 },
        "end": { "line": 28, "column": 39 }
      },
      "28": {
        "start": { "line": 29, "column": 0 },
        "end": { "line": 29, "column": 25 }
      },
      "29": {
        "start": { "line": 30, "column": 0 },
        "end": { "line": 30, "column": 50 }
      },
      "30": {
        "start": { "line": 31, "column": 0 },
        "end": { "line": 31, "column": 4 }
      },
      "32": {
        "start": { "line": 33, "column": 0 },
        "end": { "line": 33, "column": 10 }
      },
      "33": {
        "start": { "line": 34, "column": 0 },
        "end": { "line": 34, "column": 49 }
      },
      "34": {
        "start": { "line": 35, "column": 0 },
        "end": { "line": 35, "column": 45 }
      },
      "35": {
        "start": { "line": 36, "column": 0 },
        "end": { "line": 36, "column": 59 }
      },
      "36": {
        "start": { "line": 37, "column": 0 },
        "end": { "line": 37, "column": 9 }
      },
      "38": {
        "start": { "line": 39, "column": 0 },
        "end": { "line": 39, "column": 1 }
      }
    },
    "s": {
      "0": 1,
      "6": 1,
      "8": 15,
      "9": 15,
      "10": 15,
      "11": 15,
      "12": 6,
      "13": 6,
      "14": 15,
      "16": 15,
      "17": 15,
      "18": 15,
      "19": 15,
      "20": 15,
      "21": 6,
      "22": 6,
      "23": 15,
      "25": 1,
      "26": 15,
      "27": 15,
      "28": 15,
      "29": 0,
      "30": 0,
      "32": 15,
      "33": 15,
      "34": 15,
      "35": 15,
      "36": 15,
      "38": 15
    },
    "branchMap": {
      "0": {
        "type": "branch",
        "line": 9,
        "loc": {
          "start": { "line": 9, "column": 0 },
          "end": { "line": 15, "column": 1 }
        },
        "locations": [
          {
            "start": { "line": 9, "column": 0 },
            "end": { "line": 15, "column": 1 }
          }
        ]
      },
      "1": {
        "type": "branch",
        "line": 12,
        "loc": {
          "start": { "line": 12, "column": 2 },
          "end": { "line": 14, "column": 3 }
        },
        "locations": [
          {
            "start": { "line": 12, "column": 2 },
            "end": { "line": 14, "column": 3 }
          }
        ]
      },
      "2": {
        "type": "branch",
        "line": 17,
        "loc": {
          "start": { "line": 17, "column": 0 },
          "end": { "line": 24, "column": 1 }
        },
        "locations": [
          {
            "start": { "line": 17, "column": 0 },
            "end": { "line": 24, "column": 1 }
          }
        ]
      },
      "3": {
        "type": "branch",
        "line": 21,
        "loc": {
          "start": { "line": 21, "column": 2 },
          "end": { "line": 23, "column": 3 }
        },
        "locations": [
          {
            "start": { "line": 21, "column": 2 },
            "end": { "line": 23, "column": 3 }
          }
        ]
      },
      "4": {
        "type": "branch",
        "line": 26,
        "loc": {
          "start": { "line": 26, "column": 7 },
          "end": { "line": 39, "column": 1 }
        },
        "locations": [
          {
            "start": { "line": 26, "column": 7 },
            "end": { "line": 39, "column": 1 }
          }
        ]
      }
    },
    "b": { "0": [15], "1": [6], "2": [15], "3": [6], "4": [15] },
    "fnMap": {
      "0": {
        "name": "useSaveNavigate",
        "decl": {
          "start": { "line": 9, "column": 0 },
          "end": { "line": 15, "column": 1 }
        },
        "loc": {
          "start": { "line": 9, "column": 0 },
          "end": { "line": 15, "column": 1 }
        },
        "line": 9
      },
      "1": {
        "name": "useSafeLocation",
        "decl": {
          "start": { "line": 17, "column": 0 },
          "end": { "line": 24, "column": 1 }
        },
        "loc": {
          "start": { "line": 17, "column": 0 },
          "end": { "line": 24, "column": 1 }
        },
        "line": 17
      },
      "2": {
        "name": "PokemonCardRow",
        "decl": {
          "start": { "line": 26, "column": 7 },
          "end": { "line": 39, "column": 1 }
        },
        "loc": {
          "start": { "line": 26, "column": 7 },
          "end": { "line": 39, "column": 1 }
        },
        "line": 26
      },
      "3": {
        "name": "onClick",
        "decl": {
          "start": { "line": 29, "column": 18 },
          "end": { "line": 31, "column": 4 }
        },
        "loc": {
          "start": { "line": 29, "column": 18 },
          "end": { "line": 31, "column": 4 }
        },
        "line": 29
      }
    },
    "f": { "0": 15, "1": 15, "2": 15, "3": 0 }
  },
  "/Users/tatanapulatova/RS-React/src/components/Footer/Footer.tsx": {
    "path": "/Users/tatanapulatova/RS-React/src/components/Footer/Footer.tsx",
    "all": false,
    "statementMap": {
      "0": {
        "start": { "line": 1, "column": 0 },
        "end": { "line": 1, "column": 22 }
      },
      "2": {
        "start": { "line": 3, "column": 0 },
        "end": { "line": 3, "column": 39 }
      },
      "3": {
        "start": { "line": 4, "column": 0 },
        "end": { "line": 4, "column": 10 }
      },
      "4": {
        "start": { "line": 5, "column": 0 },
        "end": { "line": 5, "column": 31 }
      },
      "5": {
        "start": { "line": 6, "column": 0 },
        "end": { "line": 6, "column": 30 }
      },
      "6": {
        "start": { "line": 7, "column": 0 },
        "end": { "line": 7, "column": 75 }
      },
      "7": {
        "start": { "line": 8, "column": 0 },
        "end": { "line": 8, "column": 54 }
      },
      "8": {
        "start": { "line": 9, "column": 0 },
        "end": { "line": 9, "column": 12 }
      },
      "9": {
        "start": { "line": 10, "column": 0 },
        "end": { "line": 10, "column": 36 }
      },
      "10": {
        "start": { "line": 11, "column": 0 },
        "end": { "line": 11, "column": 30 }
      },
      "11": {
        "start": { "line": 12, "column": 0 },
        "end": { "line": 12, "column": 68 }
      },
      "12": {
        "start": { "line": 13, "column": 0 },
        "end": { "line": 13, "column": 65 }
      },
      "13": {
        "start": { "line": 14, "column": 0 },
        "end": { "line": 14, "column": 12 }
      },
      "14": {
        "start": { "line": 15, "column": 0 },
        "end": { "line": 15, "column": 13 }
      },
      "16": {
        "start": { "line": 17, "column": 0 },
        "end": { "line": 17, "column": 2 }
      }
    },
    "s": {
      "0": 1,
      "2": 1,
      "3": 4,
      "4": 4,
      "5": 4,
      "6": 4,
      "7": 4,
      "8": 4,
      "9": 4,
      "10": 4,
      "11": 4,
      "12": 4,
      "13": 4,
      "14": 4,
      "16": 4
    },
    "branchMap": {
      "0": {
        "type": "branch",
        "line": 3,
        "loc": {
          "start": { "line": 3, "column": 32 },
          "end": { "line": 17, "column": 2 }
        },
        "locations": [
          {
            "start": { "line": 3, "column": 32 },
            "end": { "line": 17, "column": 2 }
          }
        ]
      }
    },
    "b": { "0": [4] },
    "fnMap": {
      "0": {
        "name": "Footer",
        "decl": {
          "start": { "line": 3, "column": 32 },
          "end": { "line": 17, "column": 2 }
        },
        "loc": {
          "start": { "line": 3, "column": 32 },
          "end": { "line": 17, "column": 2 }
        },
        "line": 3
      }
    },
    "f": { "0": 4 }
  },
  "/Users/tatanapulatova/RS-React/src/components/Header/Header.tsx": {
    "path": "/Users/tatanapulatova/RS-React/src/components/Header/Header.tsx",
    "all": false,
    "statementMap": {
      "0": {
        "start": { "line": 1, "column": 0 },
        "end": { "line": 1, "column": 39 }
      },
      "1": {
        "start": { "line": 2, "column": 0 },
        "end": { "line": 2, "column": 22 }
      },
      "3": {
        "start": { "line": 4, "column": 0 },
        "end": { "line": 4, "column": 39 }
      },
      "4": {
        "start": { "line": 5, "column": 0 },
        "end": { "line": 5, "column": 10 }
      },
      "5": {
        "start": { "line": 6, "column": 0 },
        "end": { "line": 6, "column": 31 }
      },
      "6": {
        "start": { "line": 7, "column": 0 },
        "end": { "line": 7, "column": 35 }
      },
      "7": {
        "start": { "line": 8, "column": 0 },
        "end": { "line": 8, "column": 72 }
      },
      "8": {
        "start": { "line": 9, "column": 0 },
        "end": { "line": 9, "column": 50 }
      },
      "9": {
        "start": { "line": 10, "column": 0 },
        "end": { "line": 10, "column": 12 }
      },
      "10": {
        "start": { "line": 11, "column": 0 },
        "end": { "line": 11, "column": 34 }
      },
      "11": {
        "start": { "line": 12, "column": 0 },
        "end": { "line": 12, "column": 34 }
      },
      "12": {
        "start": { "line": 13, "column": 0 },
        "end": { "line": 13, "column": 36 }
      },
      "13": {
        "start": { "line": 14, "column": 0 },
        "end": { "line": 14, "column": 55 }
      },
      "14": {
        "start": { "line": 15, "column": 0 },
        "end": { "line": 15, "column": 26 }
      },
      "15": {
        "start": { "line": 16, "column": 0 },
        "end": { "line": 16, "column": 17 }
      },
      "16": {
        "start": { "line": 17, "column": 0 },
        "end": { "line": 17, "column": 13 }
      },
      "17": {
        "start": { "line": 18, "column": 0 },
        "end": { "line": 18, "column": 13 }
      },
      "18": {
        "start": { "line": 19, "column": 0 },
        "end": { "line": 19, "column": 12 }
      },
      "19": {
        "start": { "line": 20, "column": 0 },
        "end": { "line": 20, "column": 13 }
      },
      "21": {
        "start": { "line": 22, "column": 0 },
        "end": { "line": 22, "column": 2 }
      }
    },
    "s": {
      "0": 1,
      "1": 1,
      "3": 1,
      "4": 5,
      "5": 5,
      "6": 5,
      "7": 5,
      "8": 5,
      "9": 5,
      "10": 5,
      "11": 5,
      "12": 5,
      "13": 10,
      "14": 10,
      "15": 10,
      "16": 5,
      "17": 5,
      "18": 5,
      "19": 5,
      "21": 5
    },
    "branchMap": {
      "0": {
        "type": "branch",
        "line": 4,
        "loc": {
          "start": { "line": 4, "column": 32 },
          "end": { "line": 22, "column": 2 }
        },
        "locations": [
          {
            "start": { "line": 4, "column": 32 },
            "end": { "line": 22, "column": 2 }
          }
        ]
      },
      "1": {
        "type": "branch",
        "line": 13,
        "loc": {
          "start": { "line": 13, "column": 25 },
          "end": { "line": 16, "column": 17 }
        },
        "locations": [
          {
            "start": { "line": 13, "column": 25 },
            "end": { "line": 16, "column": 17 }
          }
        ]
      }
    },
    "b": { "0": [5], "1": [10] },
    "fnMap": {
      "0": {
        "name": "Header",
        "decl": {
          "start": { "line": 4, "column": 32 },
          "end": { "line": 22, "column": 2 }
        },
        "loc": {
          "start": { "line": 4, "column": 32 },
          "end": { "line": 22, "column": 2 }
        },
        "line": 4
      }
    },
    "f": { "0": 5 }
  },
  "/Users/tatanapulatova/RS-React/src/components/Header/NavItems.tsx": {
    "path": "/Users/tatanapulatova/RS-React/src/components/Header/NavItems.tsx",
    "all": false,
    "statementMap": {
      "0": {
        "start": { "line": 1, "column": 0 },
        "end": { "line": 1, "column": 40 }
      },
      "1": {
        "start": { "line": 2, "column": 0 },
        "end": { "line": 2, "column": 41 }
      },
      "3": {
        "start": { "line": 4, "column": 0 },
        "end": { "line": 4, "column": 26 }
      },
      "4": {
        "start": { "line": 5, "column": 0 },
        "end": { "line": 5, "column": 64 }
      },
      "5": {
        "start": { "line": 6, "column": 0 },
        "end": { "line": 6, "column": 67 }
      },
      "6": {
        "start": { "line": 7, "column": 0 },
        "end": { "line": 7, "column": 2 }
      }
    },
    "s": { "0": 1, "1": 1, "3": 1, "4": 1, "5": 1, "6": 1 },
    "branchMap": {},
    "b": {},
    "fnMap": {},
    "f": {}
  },
  "/Users/tatanapulatova/RS-React/src/components/MasterDetail/MasterDetail.tsx": {
    "path": "/Users/tatanapulatova/RS-React/src/components/MasterDetail/MasterDetail.tsx",
    "all": false,
    "statementMap": {
      "0": {
        "start": { "line": 1, "column": 0 },
        "end": { "line": 1, "column": 71 }
      },
      "2": {
        "start": { "line": 3, "column": 0 },
        "end": { "line": 3, "column": 52 }
      },
      "3": {
        "start": { "line": 4, "column": 0 },
        "end": { "line": 4, "column": 59 }
      },
      "4": {
        "start": { "line": 5, "column": 0 },
        "end": { "line": 5, "column": 28 }
      },
      "5": {
        "start": { "line": 6, "column": 0 },
        "end": { "line": 6, "column": 41 }
      },
      "7": {
        "start": { "line": 8, "column": 0 },
        "end": { "line": 8, "column": 40 }
      },
      "8": {
        "start": { "line": 9, "column": 0 },
        "end": { "line": 9, "column": 49 }
      },
      "9": {
        "start": { "line": 10, "column": 0 },
        "end": { "line": 10, "column": 33 }
      },
      "10": {
        "start": { "line": 11, "column": 0 },
        "end": { "line": 11, "column": 35 }
      },
      "12": {
        "start": { "line": 13, "column": 0 },
        "end": { "line": 13, "column": 63 }
      },
      "13": {
        "start": { "line": 14, "column": 0 },
        "end": { "line": 14, "column": 47 }
      },
      "14": {
        "start": { "line": 15, "column": 0 },
        "end": { "line": 15, "column": 58 }
      },
      "16": {
        "start": { "line": 17, "column": 0 },
        "end": { "line": 17, "column": 46 }
      },
      "17": {
        "start": { "line": 18, "column": 0 },
        "end": { "line": 18, "column": 50 }
      },
      "19": {
        "start": { "line": 20, "column": 0 },
        "end": { "line": 20, "column": 19 }
      },
      "20": {
        "start": { "line": 21, "column": 0 },
        "end": { "line": 21, "column": 22 }
      },
      "22": {
        "start": { "line": 23, "column": 0 },
        "end": { "line": 23, "column": 21 }
      },
      "23": {
        "start": { "line": 24, "column": 0 },
        "end": { "line": 24, "column": 19 }
      },
      "24": {
        "start": { "line": 25, "column": 0 },
        "end": { "line": 25, "column": 18 }
      },
      "25": {
        "start": { "line": 26, "column": 0 },
        "end": { "line": 26, "column": 19 }
      },
      "27": {
        "start": { "line": 28, "column": 0 },
        "end": { "line": 28, "column": 52 }
      },
      "28": {
        "start": { "line": 29, "column": 0 },
        "end": { "line": 29, "column": 72 }
      },
      "29": {
        "start": { "line": 30, "column": 0 },
        "end": { "line": 30, "column": 12 }
      },
      "31": {
        "start": { "line": 32, "column": 0 },
        "end": { "line": 32, "column": 28 }
      },
      "32": {
        "start": { "line": 33, "column": 0 },
        "end": { "line": 33, "column": 20 }
      },
      "33": {
        "start": { "line": 34, "column": 0 },
        "end": { "line": 34, "column": 19 }
      },
      "34": {
        "start": { "line": 35, "column": 0 },
        "end": { "line": 35, "column": 25 }
      },
      "35": {
        "start": { "line": 36, "column": 0 },
        "end": { "line": 36, "column": 8 }
      },
      "36": {
        "start": { "line": 37, "column": 0 },
        "end": { "line": 37, "column": 73 }
      },
      "37": {
        "start": { "line": 38, "column": 0 },
        "end": { "line": 38, "column": 22 }
      },
      "38": {
        "start": { "line": 39, "column": 0 },
        "end": { "line": 39, "column": 26 }
      },
      "39": {
        "start": { "line": 40, "column": 0 },
        "end": { "line": 40, "column": 25 }
      },
      "40": {
        "start": { "line": 41, "column": 0 },
        "end": { "line": 41, "column": 26 }
      },
      "41": {
        "start": { "line": 42, "column": 0 },
        "end": { "line": 42, "column": 45 }
      },
      "42": {
        "start": { "line": 43, "column": 0 },
        "end": { "line": 43, "column": 47 }
      },
      "43": {
        "start": { "line": 44, "column": 0 },
        "end": { "line": 44, "column": 11 }
      },
      "44": {
        "start": { "line": 45, "column": 0 },
        "end": { "line": 45, "column": 16 }
      },
      "45": {
        "start": { "line": 46, "column": 0 },
        "end": { "line": 46, "column": 9 }
      },
      "47": {
        "start": { "line": 48, "column": 0 },
        "end": { "line": 48, "column": 18 }
      },
      "48": {
        "start": { "line": 49, "column": 0 },
        "end": { "line": 49, "column": 41 }
      },
      "49": {
        "start": { "line": 50, "column": 0 },
        "end": { "line": 50, "column": 43 }
      },
      "50": {
        "start": { "line": 51, "column": 0 },
        "end": { "line": 51, "column": 7 }
      },
      "51": {
        "start": { "line": 52, "column": 0 },
        "end": { "line": 52, "column": 6 }
      },
      "52": {
        "start": { "line": 53, "column": 0 },
        "end": { "line": 53, "column": 13 }
      },
      "54": {
        "start": { "line": 55, "column": 0 },
        "end": { "line": 55, "column": 16 }
      },
      "55": {
        "start": { "line": 56, "column": 0 },
        "end": { "line": 56, "column": 12 }
      },
      "56": {
        "start": { "line": 57, "column": 0 },
        "end": { "line": 57, "column": 42 }
      },
      "57": {
        "start": { "line": 58, "column": 0 },
        "end": { "line": 58, "column": 74 }
      },
      "58": {
        "start": { "line": 59, "column": 0 },
        "end": { "line": 59, "column": 12 }
      },
      "60": {
        "start": { "line": 61, "column": 0 },
        "end": { "line": 61, "column": 3 }
      },
      "62": {
        "start": { "line": 63, "column": 0 },
        "end": { "line": 63, "column": 57 }
      },
      "63": {
        "start": { "line": 64, "column": 0 },
        "end": { "line": 64, "column": 49 }
      },
      "65": {
        "start": { "line": 66, "column": 0 },
        "end": { "line": 66, "column": 10 }
      },
      "66": {
        "start": { "line": 67, "column": 0 },
        "end": { "line": 67, "column": 33 }
      },
      "67": {
        "start": { "line": 68, "column": 0 },
        "end": { "line": 68, "column": 19 }
      },
      "68": {
        "start": { "line": 69, "column": 0 },
        "end": { "line": 69, "column": 44 }
      },
      "69": {
        "start": { "line": 70, "column": 0 },
        "end": { "line": 70, "column": 76 }
      },
      "70": {
        "start": { "line": 71, "column": 0 },
        "end": { "line": 71, "column": 14 }
      },
      "73": {
        "start": { "line": 74, "column": 0 },
        "end": { "line": 74, "column": 16 }
      },
      "74": {
        "start": { "line": 75, "column": 0 },
        "end": { "line": 75, "column": 36 }
      },
      "75": {
        "start": { "line": 76, "column": 0 },
        "end": { "line": 76, "column": 75 }
      },
      "76": {
        "start": { "line": 77, "column": 0 },
        "end": { "line": 77, "column": 17 }
      },
      "77": {
        "start": { "line": 78, "column": 0 },
        "end": { "line": 78, "column": 36 }
      },
      "78": {
        "start": { "line": 79, "column": 0 },
        "end": { "line": 79, "column": 26 }
      },
      "79": {
        "start": { "line": 80, "column": 0 },
        "end": { "line": 80, "column": 67 }
      },
      "81": {
        "start": { "line": 82, "column": 0 },
        "end": { "line": 82, "column": 11 }
      },
      "83": {
        "start": { "line": 84, "column": 0 },
        "end": { "line": 84, "column": 19 }
      },
      "84": {
        "start": { "line": 85, "column": 0 },
        "end": { "line": 85, "column": 14 }
      },
      "87": {
        "start": { "line": 88, "column": 0 },
        "end": { "line": 88, "column": 16 }
      },
      "88": {
        "start": { "line": 89, "column": 0 },
        "end": { "line": 89, "column": 10 }
      },
      "89": {
        "start": { "line": 90, "column": 0 },
        "end": { "line": 90, "column": 54 }
      },
      "90": {
        "start": { "line": 91, "column": 0 },
        "end": { "line": 91, "column": 66 }
      },
      "91": {
        "start": { "line": 92, "column": 0 },
        "end": { "line": 92, "column": 51 }
      },
      "92": {
        "start": { "line": 93, "column": 0 },
        "end": { "line": 93, "column": 42 }
      },
      "93": {
        "start": { "line": 94, "column": 0 },
        "end": { "line": 94, "column": 51 }
      },
      "94": {
        "start": { "line": 95, "column": 0 },
        "end": { "line": 95, "column": 40 }
      },
      "95": {
        "start": { "line": 96, "column": 0 },
        "end": { "line": 96, "column": 40 }
      },
      "96": {
        "start": { "line": 97, "column": 0 },
        "end": { "line": 97, "column": 52 }
      },
      "97": {
        "start": { "line": 98, "column": 0 },
        "end": { "line": 98, "column": 23 }
      },
      "98": {
        "start": { "line": 99, "column": 0 },
        "end": { "line": 99, "column": 23 }
      },
      "99": {
        "start": { "line": 100, "column": 0 },
        "end": { "line": 100, "column": 19 }
      },
      "100": {
        "start": { "line": 101, "column": 0 },
        "end": { "line": 101, "column": 19 }
      },
      "101": {
        "start": { "line": 102, "column": 0 },
        "end": { "line": 102, "column": 18 }
      },
      "103": {
        "start": { "line": 104, "column": 0 },
        "end": { "line": 104, "column": 42 }
      },
      "104": {
        "start": { "line": 105, "column": 0 },
        "end": { "line": 105, "column": 55 }
      },
      "105": {
        "start": { "line": 106, "column": 0 },
        "end": { "line": 106, "column": 40 }
      },
      "106": {
        "start": { "line": 107, "column": 0 },
        "end": { "line": 107, "column": 44 }
      },
      "107": {
        "start": { "line": 108, "column": 0 },
        "end": { "line": 108, "column": 52 }
      },
      "108": {
        "start": { "line": 109, "column": 0 },
        "end": { "line": 109, "column": 23 }
      },
      "109": {
        "start": { "line": 110, "column": 0 },
        "end": { "line": 110, "column": 23 }
      },
      "110": {
        "start": { "line": 111, "column": 0 },
        "end": { "line": 111, "column": 19 }
      },
      "111": {
        "start": { "line": 112, "column": 0 },
        "end": { "line": 112, "column": 19 }
      },
      "112": {
        "start": { "line": 113, "column": 0 },
        "end": { "line": 113, "column": 18 }
      },
      "114": {
        "start": { "line": 115, "column": 0 },
        "end": { "line": 115, "column": 42 }
      },
      "115": {
        "start": { "line": 116, "column": 0 },
        "end": { "line": 116, "column": 51 }
      },
      "116": {
        "start": { "line": 117, "column": 0 },
        "end": { "line": 117, "column": 40 }
      },
      "117": {
        "start": { "line": 118, "column": 0 },
        "end": { "line": 118, "column": 41 }
      },
      "118": {
        "start": { "line": 119, "column": 0 },
        "end": { "line": 119, "column": 58 }
      },
      "119": {
        "start": { "line": 120, "column": 0 },
        "end": { "line": 120, "column": 41 }
      },
      "120": {
        "start": { "line": 121, "column": 0 },
        "end": { "line": 121, "column": 23 }
      },
      "121": {
        "start": { "line": 122, "column": 0 },
        "end": { "line": 122, "column": 19 }
      },
      "122": {
        "start": { "line": 123, "column": 0 },
        "end": { "line": 123, "column": 19 }
      },
      "123": {
        "start": { "line": 124, "column": 0 },
        "end": { "line": 124, "column": 18 }
      },
      "124": {
        "start": { "line": 125, "column": 0 },
        "end": { "line": 125, "column": 16 }
      },
      "125": {
        "start": { "line": 126, "column": 0 },
        "end": { "line": 126, "column": 11 }
      },
      "127": {
        "start": { "line": 128, "column": 0 },
        "end": { "line": 128, "column": 10 }
      },
      "129": {
        "start": { "line": 130, "column": 0 },
        "end": { "line": 130, "column": 2 }
      }
    },
    "s": {
      "0": 1,
      "2": 1,
      "3": 1,
      "4": 1,
      "5": 1,
      "7": 1,
      "8": 5,
      "9": 5,
      "10": 5,
      "12": 5,
      "13": 5,
      "14": 5,
      "16": 5,
      "17": 5,
      "19": 5,
      "20": 3,
      "22": 3,
      "23": 3,
      "24": 3,
      "25": 3,
      "27": 3,
      "28": 0,
      "29": 3,
      "31": 3,
      "32": 3,
      "33": 1,
      "34": 1,
      "35": 3,
      "36": 3,
      "37": 3,
      "38": 2,
      "39": 2,
      "40": 2,
      "41": 0,
      "42": 0,
      "43": 0,
      "44": 2,
      "45": 3,
      "47": 3,
      "48": 3,
      "49": 3,
      "50": 3,
      "51": 3,
      "52": 5,
      "54": 5,
      "55": 3,
      "56": 3,
      "57": 3,
      "58": 3,
      "60": 3,
      "62": 5,
      "63": 5,
      "65": 1,
      "66": 1,
      "67": 1,
      "68": 0,
      "69": 0,
      "70": 0,
      "73": 5,
      "74": 1,
      "75": 1,
      "76": 1,
      "77": 1,
      "78": 1,
      "79": 0,
      "81": 1,
      "83": 1,
      "84": 1,
      "87": 5,
      "88": 1,
      "89": 1,
      "90": 1,
      "91": 1,
      "92": 1,
      "93": 1,
      "94": 1,
      "95": 1,
      "96": 1,
      "97": 1,
      "98": 1,
      "99": 1,
      "100": 1,
      "101": 1,
      "103": 1,
      "104": 1,
      "105": 1,
      "106": 1,
      "107": 2,
      "108": 2,
      "109": 2,
      "110": 1,
      "111": 1,
      "112": 1,
      "114": 1,
      "115": 1,
      "116": 1,
      "117": 1,
      "118": 2,
      "119": 2,
      "120": 2,
      "121": 1,
      "122": 1,
      "123": 1,
      "124": 1,
      "125": 1,
      "127": 5,
      "129": 5
    },
    "branchMap": {
      "0": {
        "type": "branch",
        "line": 8,
        "loc": {
          "start": { "line": 8, "column": 33 },
          "end": { "line": 130, "column": 2 }
        },
        "locations": [
          {
            "start": { "line": 8, "column": 33 },
            "end": { "line": 130, "column": 2 }
          }
        ]
      },
      "1": {
        "type": "branch",
        "line": 55,
        "loc": {
          "start": { "line": 55, "column": 15 },
          "end": { "line": 61, "column": 3 }
        },
        "locations": [
          {
            "start": { "line": 55, "column": 15 },
            "end": { "line": 61, "column": 3 }
          }
        ]
      },
      "2": {
        "type": "branch",
        "line": 61,
        "loc": {
          "start": { "line": 61, "column": 2 },
          "end": { "line": 63, "column": 20 }
        },
        "locations": [
          {
            "start": { "line": 61, "column": 2 },
            "end": { "line": 63, "column": 20 }
          }
        ]
      },
      "3": {
        "type": "branch",
        "line": 63,
        "loc": {
          "start": { "line": 63, "column": 13 },
          "end": { "line": 64, "column": 20 }
        },
        "locations": [
          {
            "start": { "line": 63, "column": 13 },
            "end": { "line": 64, "column": 20 }
          }
        ]
      },
      "4": {
        "type": "branch",
        "line": 64,
        "loc": {
          "start": { "line": 64, "column": 13 },
          "end": { "line": 64, "column": 49 }
        },
        "locations": [
          {
            "start": { "line": 64, "column": 13 },
            "end": { "line": 64, "column": 49 }
          }
        ]
      },
      "5": {
        "type": "branch",
        "line": 64,
        "loc": {
          "start": { "line": 64, "column": 42 },
          "end": { "line": 68, "column": 19 }
        },
        "locations": [
          {
            "start": { "line": 64, "column": 42 },
            "end": { "line": 68, "column": 19 }
          }
        ]
      },
      "6": {
        "type": "branch",
        "line": 68,
        "loc": {
          "start": { "line": 68, "column": 7 },
          "end": { "line": 71, "column": 14 }
        },
        "locations": [
          {
            "start": { "line": 68, "column": 7 },
            "end": { "line": 71, "column": 14 }
          }
        ]
      },
      "7": {
        "type": "branch",
        "line": 74,
        "loc": {
          "start": { "line": 74, "column": 7 },
          "end": { "line": 85, "column": 14 }
        },
        "locations": [
          {
            "start": { "line": 74, "column": 7 },
            "end": { "line": 85, "column": 14 }
          }
        ]
      },
      "8": {
        "type": "branch",
        "line": 88,
        "loc": {
          "start": { "line": 88, "column": 7 },
          "end": { "line": 126, "column": 11 }
        },
        "locations": [
          {
            "start": { "line": 88, "column": 7 },
            "end": { "line": 126, "column": 11 }
          }
        ]
      },
      "9": {
        "type": "branch",
        "line": 20,
        "loc": {
          "start": { "line": 20, "column": 12 },
          "end": { "line": 53, "column": 5 }
        },
        "locations": [
          {
            "start": { "line": 20, "column": 12 },
            "end": { "line": 53, "column": 5 }
          }
        ]
      },
      "10": {
        "type": "branch",
        "line": 21,
        "loc": {
          "start": { "line": 21, "column": 15 },
          "end": { "line": 21, "column": 22 }
        },
        "locations": [
          {
            "start": { "line": 21, "column": 15 },
            "end": { "line": 21, "column": 22 }
          }
        ]
      },
      "11": {
        "type": "branch",
        "line": 33,
        "loc": {
          "start": { "line": 33, "column": 12 },
          "end": { "line": 36, "column": 7 }
        },
        "locations": [
          {
            "start": { "line": 33, "column": 12 },
            "end": { "line": 36, "column": 7 }
          }
        ]
      },
      "12": {
        "type": "branch",
        "line": 37,
        "loc": {
          "start": { "line": 37, "column": 13 },
          "end": { "line": 37, "column": 72 }
        },
        "locations": [
          {
            "start": { "line": 37, "column": 13 },
            "end": { "line": 37, "column": 72 }
          }
        ]
      },
      "13": {
        "type": "branch",
        "line": 37,
        "loc": {
          "start": { "line": 37, "column": 52 },
          "end": { "line": 37, "column": 71 }
        },
        "locations": [
          {
            "start": { "line": 37, "column": 52 },
            "end": { "line": 37, "column": 71 }
          }
        ]
      },
      "14": {
        "type": "branch",
        "line": 38,
        "loc": {
          "start": { "line": 38, "column": 15 },
          "end": { "line": 46, "column": 7 }
        },
        "locations": [
          {
            "start": { "line": 38, "column": 15 },
            "end": { "line": 46, "column": 7 }
          }
        ]
      },
      "15": {
        "type": "branch",
        "line": 48,
        "loc": {
          "start": { "line": 48, "column": 11 },
          "end": { "line": 52, "column": 6 }
        },
        "locations": [
          {
            "start": { "line": 48, "column": 11 },
            "end": { "line": 52, "column": 6 }
          }
        ]
      },
      "16": {
        "type": "branch",
        "line": 96,
        "loc": {
          "start": { "line": 96, "column": 32 },
          "end": { "line": 99, "column": 23 }
        },
        "locations": [
          {
            "start": { "line": 96, "column": 32 },
            "end": { "line": 99, "column": 23 }
          }
        ]
      },
      "17": {
        "type": "branch",
        "line": 107,
        "loc": {
          "start": { "line": 107, "column": 36 },
          "end": { "line": 110, "column": 23 }
        },
        "locations": [
          {
            "start": { "line": 107, "column": 36 },
            "end": { "line": 110, "column": 23 }
          }
        ]
      },
      "18": {
        "type": "branch",
        "line": 118,
        "loc": {
          "start": { "line": 118, "column": 32 },
          "end": { "line": 121, "column": 23 }
        },
        "locations": [
          {
            "start": { "line": 118, "column": 32 },
            "end": { "line": 121, "column": 23 }
          }
        ]
      }
    },
    "b": {
      "0": [5],
      "1": [3],
      "2": [2],
      "3": [1],
      "4": [0],
      "5": [1],
      "6": [0],
      "7": [1],
      "8": [1],
      "9": [3],
      "10": [0],
      "11": [1],
      "12": [1],
      "13": [0],
      "14": [2],
      "15": [3],
      "16": [1],
      "17": [2],
      "18": [2]
    },
    "fnMap": {
      "0": {
        "name": "Details",
        "decl": {
          "start": { "line": 8, "column": 33 },
          "end": { "line": 130, "column": 2 }
        },
        "loc": {
          "start": { "line": 8, "column": 33 },
          "end": { "line": 130, "column": 2 }
        },
        "line": 8
      },
      "1": {
        "name": "onClick",
        "decl": {
          "start": { "line": 79, "column": 21 },
          "end": { "line": 80, "column": 67 }
        },
        "loc": {
          "start": { "line": 79, "column": 21 },
          "end": { "line": 80, "column": 67 }
        },
        "line": 79
      }
    },
    "f": { "0": 5, "1": 0 }
  },
  "/Users/tatanapulatova/RS-React/src/enums/enum.ts": {
    "path": "/Users/tatanapulatova/RS-React/src/enums/enum.ts",
    "all": false,
    "statementMap": {
      "0": {
        "start": { "line": 1, "column": 0 },
        "end": { "line": 1, "column": 19 }
      },
      "1": {
        "start": { "line": 2, "column": 0 },
        "end": { "line": 2, "column": 13 }
      },
      "2": {
        "start": { "line": 3, "column": 0 },
        "end": { "line": 3, "column": 19 }
      },
      "3": {
        "start": { "line": 4, "column": 0 },
        "end": { "line": 4, "column": 23 }
      },
      "4": {
        "start": { "line": 5, "column": 0 },
        "end": { "line": 5, "column": 27 }
      }
    },
    "s": { "0": 1, "1": 1, "2": 1, "3": 1, "4": 1 },
    "branchMap": {
      "0": {
        "type": "branch",
        "line": 1,
        "loc": {
          "start": { "line": 1, "column": 7 },
          "end": { "line": 1, "column": 19 }
        },
        "locations": [
          {
            "start": { "line": 1, "column": 7 },
            "end": { "line": 1, "column": 19 }
          }
        ]
      }
    },
    "b": { "0": [6] },
    "fnMap": {},
    "f": {}
  },
  "/Users/tatanapulatova/RS-React/src/errorCatching/CrashButton.tsx": {
    "path": "/Users/tatanapulatova/RS-React/src/errorCatching/CrashButton.tsx",
    "all": false,
    "statementMap": {
      "0": {
        "start": { "line": 1, "column": 0 },
        "end": { "line": 1, "column": 26 }
      },
      "2": {
        "start": { "line": 3, "column": 0 },
        "end": { "line": 3, "column": 37 }
      },
      "3": {
        "start": { "line": 4, "column": 0 },
        "end": { "line": 4, "column": 32 }
      },
      "4": {
        "start": { "line": 5, "column": 0 },
        "end": { "line": 5, "column": 14 }
      },
      "5": {
        "start": { "line": 6, "column": 0 },
        "end": { "line": 6, "column": 2 }
      }
    },
    "s": { "0": 1, "2": 1, "3": 3, "4": 0, "5": 0 },
    "branchMap": {
      "0": {
        "type": "branch",
        "line": 3,
        "loc": {
          "start": { "line": 3, "column": 30 },
          "end": { "line": 6, "column": 2 }
        },
        "locations": [
          {
            "start": { "line": 3, "column": 30 },
            "end": { "line": 6, "column": 2 }
          }
        ]
      },
      "1": {
        "type": "branch",
        "line": 4,
        "loc": {
          "start": { "line": 4, "column": 30 },
          "end": { "line": 6, "column": 2 }
        },
        "locations": [
          {
            "start": { "line": 4, "column": 30 },
            "end": { "line": 6, "column": 2 }
          }
        ]
      }
    },
    "b": { "0": [3], "1": [0] },
    "fnMap": {
      "0": {
        "name": "Bomb",
        "decl": {
          "start": { "line": 3, "column": 30 },
          "end": { "line": 6, "column": 2 }
        },
        "loc": {
          "start": { "line": 3, "column": 30 },
          "end": { "line": 6, "column": 2 }
        },
        "line": 3
      }
    },
    "f": { "0": 3 }
  },
  "/Users/tatanapulatova/RS-React/src/errorCatching/ErrorBoundary.tsx": {
    "path": "/Users/tatanapulatova/RS-React/src/errorCatching/ErrorBoundary.tsx",
    "all": false,
    "statementMap": {
      "0": {
        "start": { "line": 1, "column": 0 },
        "end": { "line": 1, "column": 31 }
      },
      "1": {
        "start": { "line": 2, "column": 0 },
        "end": { "line": 2, "column": 75 }
      },
      "4": {
        "start": { "line": 5, "column": 0 },
        "end": { "line": 5, "column": 70 }
      },
      "5": {
        "start": { "line": 6, "column": 0 },
        "end": { "line": 6, "column": 56 }
      },
      "6": {
        "start": { "line": 7, "column": 0 },
        "end": { "line": 7, "column": 10 }
      },
      "7": {
        "start": { "line": 8, "column": 0 },
        "end": { "line": 8, "column": 35 }
      },
      "8": {
        "start": { "line": 9, "column": 0 },
        "end": { "line": 9, "column": 76 }
      },
      "9": {
        "start": { "line": 10, "column": 0 },
        "end": { "line": 10, "column": 34 }
      },
      "10": {
        "start": { "line": 11, "column": 0 },
        "end": { "line": 11, "column": 63 }
      },
      "11": {
        "start": { "line": 12, "column": 0 },
        "end": { "line": 12, "column": 10 }
      },
      "13": {
        "start": { "line": 14, "column": 0 },
        "end": { "line": 14, "column": 1 }
      },
      "15": {
        "start": { "line": 16, "column": 0 },
        "end": { "line": 16, "column": 75 }
      },
      "16": {
        "start": { "line": 17, "column": 0 },
        "end": { "line": 17, "column": 11 }
      },
      "17": {
        "start": { "line": 18, "column": 0 },
        "end": { "line": 18, "column": 7 }
      },
      "18": {
        "start": { "line": 19, "column": 0 },
        "end": { "line": 19, "column": 10 }
      },
      "19": {
        "start": { "line": 20, "column": 0 },
        "end": { "line": 20, "column": 23 }
      },
      "20": {
        "start": { "line": 21, "column": 0 },
        "end": { "line": 21, "column": 39 }
      },
      "21": {
        "start": { "line": 22, "column": 0 },
        "end": { "line": 22, "column": 22 }
      },
      "22": {
        "start": { "line": 23, "column": 0 },
        "end": { "line": 23, "column": 33 }
      },
      "23": {
        "start": { "line": 24, "column": 0 },
        "end": { "line": 24, "column": 8 }
      },
      "25": {
        "start": { "line": 26, "column": 0 },
        "end": { "line": 26, "column": 16 }
      },
      "26": {
        "start": { "line": 27, "column": 0 },
        "end": { "line": 27, "column": 25 }
      },
      "28": {
        "start": { "line": 29, "column": 0 },
        "end": { "line": 29, "column": 2 }
      }
    },
    "s": {
      "0": 1,
      "1": 1,
      "4": 2,
      "5": 2,
      "6": 2,
      "7": 2,
      "8": 2,
      "9": 2,
      "10": 2,
      "11": 2,
      "13": 2,
      "15": 1,
      "16": 39,
      "17": 39,
      "18": 39,
      "19": 39,
      "20": 39,
      "21": 39,
      "22": 0,
      "23": 0,
      "25": 39,
      "26": 39,
      "28": 39
    },
    "branchMap": {
      "0": {
        "type": "branch",
        "line": 5,
        "loc": {
          "start": { "line": 5, "column": 0 },
          "end": { "line": 14, "column": 1 }
        },
        "locations": [
          {
            "start": { "line": 5, "column": 0 },
            "end": { "line": 14, "column": 1 }
          }
        ]
      },
      "1": {
        "type": "branch",
        "line": 16,
        "loc": {
          "start": { "line": 16, "column": 73 },
          "end": { "line": 29, "column": 2 }
        },
        "locations": [
          {
            "start": { "line": 16, "column": 73 },
            "end": { "line": 29, "column": 2 }
          }
        ]
      }
    },
    "b": { "0": [2], "1": [39] },
    "fnMap": {
      "0": {
        "name": "ErrorFallback",
        "decl": {
          "start": { "line": 5, "column": 0 },
          "end": { "line": 14, "column": 1 }
        },
        "loc": {
          "start": { "line": 5, "column": 0 },
          "end": { "line": 14, "column": 1 }
        },
        "line": 5
      },
      "1": {
        "name": "ErrorBoundary",
        "decl": {
          "start": { "line": 16, "column": 73 },
          "end": { "line": 29, "column": 2 }
        },
        "loc": {
          "start": { "line": 16, "column": 73 },
          "end": { "line": 29, "column": 2 }
        },
        "line": 16
      },
      "2": {
        "name": "onReset",
        "decl": {
          "start": { "line": 22, "column": 15 },
          "end": { "line": 24, "column": 8 }
        },
        "loc": {
          "start": { "line": 22, "column": 15 },
          "end": { "line": 24, "column": 8 }
        },
        "line": 22
      }
    },
    "f": { "0": 2, "1": 39, "2": 0 }
  },
  "/Users/tatanapulatova/RS-React/src/pages/About/About.tsx": {
    "path": "/Users/tatanapulatova/RS-React/src/pages/About/About.tsx",
    "all": false,
    "statementMap": {
      "0": {
        "start": { "line": 1, "column": 0 },
        "end": { "line": 1, "column": 21 }
      },
      "2": {
        "start": { "line": 3, "column": 0 },
        "end": { "line": 3, "column": 38 }
      },
      "3": {
        "start": { "line": 4, "column": 0 },
        "end": { "line": 4, "column": 10 }
      },
      "4": {
        "start": { "line": 5, "column": 0 },
        "end": { "line": 5, "column": 37 }
      },
      "5": {
        "start": { "line": 6, "column": 0 },
        "end": { "line": 6, "column": 44 }
      },
      "6": {
        "start": { "line": 7, "column": 0 },
        "end": { "line": 7, "column": 63 }
      },
      "7": {
        "start": { "line": 8, "column": 0 },
        "end": { "line": 8, "column": 32 }
      },
      "11": {
        "start": { "line": 12, "column": 0 },
        "end": { "line": 12, "column": 10 }
      },
      "12": {
        "start": { "line": 13, "column": 0 },
        "end": { "line": 13, "column": 32 }
      },
      "20": {
        "start": { "line": 21, "column": 0 },
        "end": { "line": 21, "column": 10 }
      },
      "21": {
        "start": { "line": 22, "column": 0 },
        "end": { "line": 22, "column": 32 }
      },
      "26": {
        "start": { "line": 27, "column": 0 },
        "end": { "line": 27, "column": 10 }
      },
      "27": {
        "start": { "line": 28, "column": 0 },
        "end": { "line": 28, "column": 32 }
      },
      "34": {
        "start": { "line": 35, "column": 0 },
        "end": { "line": 35, "column": 10 }
      },
      "35": {
        "start": { "line": 36, "column": 0 },
        "end": { "line": 36, "column": 10 }
      },
      "37": {
        "start": { "line": 38, "column": 0 },
        "end": { "line": 38, "column": 2 }
      }
    },
    "s": {
      "0": 1,
      "2": 1,
      "3": 5,
      "4": 5,
      "5": 5,
      "6": 5,
      "7": 5,
      "11": 5,
      "12": 5,
      "20": 5,
      "21": 5,
      "26": 5,
      "27": 5,
      "34": 5,
      "35": 5,
      "37": 5
    },
    "branchMap": {
      "0": {
        "type": "branch",
        "line": 3,
        "loc": {
          "start": { "line": 3, "column": 31 },
          "end": { "line": 38, "column": 2 }
        },
        "locations": [
          {
            "start": { "line": 3, "column": 31 },
            "end": { "line": 38, "column": 2 }
          }
        ]
      }
    },
    "b": { "0": [5] },
    "fnMap": {
      "0": {
        "name": "About",
        "decl": {
          "start": { "line": 3, "column": 31 },
          "end": { "line": 38, "column": 2 }
        },
        "loc": {
          "start": { "line": 3, "column": 31 },
          "end": { "line": 38, "column": 2 }
        },
        "line": 3
      }
    },
    "f": { "0": 5 }
  },
  "/Users/tatanapulatova/RS-React/src/pages/NotFound/NotFound.tsx": {
    "path": "/Users/tatanapulatova/RS-React/src/pages/NotFound/NotFound.tsx",
    "all": false,
    "statementMap": {
      "0": {
        "start": { "line": 1, "column": 0 },
        "end": { "line": 1, "column": 24 }
      },
      "2": {
        "start": { "line": 3, "column": 0 },
        "end": { "line": 3, "column": 41 }
      },
      "3": {
        "start": { "line": 4, "column": 0 },
        "end": { "line": 4, "column": 10 }
      },
      "4": {
        "start": { "line": 5, "column": 0 },
        "end": { "line": 5, "column": 35 }
      },
      "5": {
        "start": { "line": 6, "column": 0 },
        "end": { "line": 6, "column": 74 }
      },
      "6": {
        "start": { "line": 7, "column": 0 },
        "end": { "line": 7, "column": 39 }
      },
      "7": {
        "start": { "line": 8, "column": 0 },
        "end": { "line": 8, "column": 45 }
      },
      "8": {
        "start": { "line": 9, "column": 0 },
        "end": { "line": 9, "column": 10 }
      },
      "10": {
        "start": { "line": 11, "column": 0 },
        "end": { "line": 11, "column": 2 }
      }
    },
    "s": {
      "0": 1,
      "2": 1,
      "3": 2,
      "4": 2,
      "5": 2,
      "6": 2,
      "7": 2,
      "8": 2,
      "10": 2
    },
    "branchMap": {
      "0": {
        "type": "branch",
        "line": 3,
        "loc": {
          "start": { "line": 3, "column": 34 },
          "end": { "line": 11, "column": 2 }
        },
        "locations": [
          {
            "start": { "line": 3, "column": 34 },
            "end": { "line": 11, "column": 2 }
          }
        ]
      }
    },
    "b": { "0": [2] },
    "fnMap": {
      "0": {
        "name": "NotFound",
        "decl": {
          "start": { "line": 3, "column": 34 },
          "end": { "line": 11, "column": 2 }
        },
        "loc": {
          "start": { "line": 3, "column": 34 },
          "end": { "line": 11, "column": 2 }
        },
        "line": 3
      }
    },
    "f": { "0": 2 }
  },
  "/Users/tatanapulatova/RS-React/src/result/PokemonList.tsx": {
    "path": "/Users/tatanapulatova/RS-React/src/result/PokemonList.tsx",
    "all": false,
    "statementMap": {
      "0": {
        "start": { "line": 1, "column": 0 },
        "end": { "line": 1, "column": 51 }
      },
      "1": {
        "start": { "line": 2, "column": 0 },
        "end": { "line": 2, "column": 79 }
      },
      "4": {
        "start": { "line": 5, "column": 0 },
        "end": { "line": 5, "column": 44 }
      },
      "5": {
        "start": { "line": 6, "column": 0 },
        "end": { "line": 6, "column": 48 }
      },
      "6": {
        "start": { "line": 7, "column": 0 },
        "end": { "line": 7, "column": 58 }
      },
      "7": {
        "start": { "line": 8, "column": 0 },
        "end": { "line": 8, "column": 73 }
      },
      "9": {
        "start": { "line": 10, "column": 0 },
        "end": { "line": 10, "column": 19 }
      },
      "10": {
        "start": { "line": 11, "column": 0 },
        "end": { "line": 11, "column": 26 }
      },
      "12": {
        "start": { "line": 13, "column": 0 },
        "end": { "line": 13, "column": 38 }
      },
      "13": {
        "start": { "line": 14, "column": 0 },
        "end": { "line": 14, "column": 23 }
      },
      "14": {
        "start": { "line": 15, "column": 0 },
        "end": { "line": 15, "column": 21 }
      },
      "16": {
        "start": { "line": 17, "column": 0 },
        "end": { "line": 17, "column": 11 }
      },
      "17": {
        "start": { "line": 18, "column": 0 },
        "end": { "line": 18, "column": 55 }
      },
      "18": {
        "start": { "line": 19, "column": 0 },
        "end": { "line": 19, "column": 69 }
      },
      "19": {
        "start": { "line": 20, "column": 0 },
        "end": { "line": 20, "column": 57 }
      },
      "20": {
        "start": { "line": 21, "column": 0 },
        "end": { "line": 21, "column": 36 }
      },
      "21": {
        "start": { "line": 22, "column": 0 },
        "end": { "line": 22, "column": 17 }
      },
      "22": {
        "start": { "line": 23, "column": 0 },
        "end": { "line": 23, "column": 63 }
      },
      "23": {
        "start": { "line": 24, "column": 0 },
        "end": { "line": 24, "column": 21 }
      },
      "24": {
        "start": { "line": 25, "column": 0 },
        "end": { "line": 25, "column": 56 }
      },
      "25": {
        "start": { "line": 26, "column": 0 },
        "end": { "line": 26, "column": 13 }
      },
      "26": {
        "start": { "line": 27, "column": 0 },
        "end": { "line": 27, "column": 41 }
      },
      "27": {
        "start": { "line": 28, "column": 0 },
        "end": { "line": 28, "column": 12 }
      },
      "28": {
        "start": { "line": 29, "column": 0 },
        "end": { "line": 29, "column": 10 }
      },
      "30": {
        "start": { "line": 31, "column": 0 },
        "end": { "line": 31, "column": 25 }
      },
      "31": {
        "start": { "line": 32, "column": 0 },
        "end": { "line": 32, "column": 32 }
      },
      "32": {
        "start": { "line": 33, "column": 0 },
        "end": { "line": 33, "column": 28 }
      },
      "33": {
        "start": { "line": 34, "column": 0 },
        "end": { "line": 34, "column": 9 }
      },
      "34": {
        "start": { "line": 35, "column": 0 },
        "end": { "line": 35, "column": 30 }
      },
      "35": {
        "start": { "line": 36, "column": 0 },
        "end": { "line": 36, "column": 25 }
      },
      "36": {
        "start": { "line": 37, "column": 0 },
        "end": { "line": 37, "column": 75 }
      },
      "37": {
        "start": { "line": 38, "column": 0 },
        "end": { "line": 38, "column": 28 }
      },
      "38": {
        "start": { "line": 39, "column": 0 },
        "end": { "line": 39, "column": 28 }
      },
      "39": {
        "start": { "line": 40, "column": 0 },
        "end": { "line": 40, "column": 9 }
      },
      "40": {
        "start": { "line": 41, "column": 0 },
        "end": { "line": 41, "column": 7 }
      },
      "41": {
        "start": { "line": 42, "column": 0 },
        "end": { "line": 42, "column": 6 }
      },
      "43": {
        "start": { "line": 44, "column": 0 },
        "end": { "line": 44, "column": 19 }
      },
      "45": {
        "start": { "line": 46, "column": 0 },
        "end": { "line": 46, "column": 18 }
      },
      "46": {
        "start": { "line": 47, "column": 0 },
        "end": { "line": 47, "column": 23 }
      },
      "47": {
        "start": { "line": 48, "column": 0 },
        "end": { "line": 48, "column": 6 }
      },
      "48": {
        "start": { "line": 49, "column": 0 },
        "end": { "line": 49, "column": 9 }
      },
      "50": {
        "start": { "line": 51, "column": 0 },
        "end": { "line": 51, "column": 40 }
      },
      "51": {
        "start": { "line": 52, "column": 0 },
        "end": { "line": 52, "column": 60 }
      },
      "53": {
        "start": { "line": 54, "column": 0 },
        "end": { "line": 54, "column": 10 }
      },
      "54": {
        "start": { "line": 55, "column": 0 },
        "end": { "line": 55, "column": 8 }
      },
      "55": {
        "start": { "line": 56, "column": 0 },
        "end": { "line": 56, "column": 28 }
      },
      "56": {
        "start": { "line": 57, "column": 0 },
        "end": { "line": 57, "column": 25 }
      },
      "57": {
        "start": { "line": 58, "column": 0 },
        "end": { "line": 58, "column": 34 }
      },
      "58": {
        "start": { "line": 59, "column": 0 },
        "end": { "line": 59, "column": 13 }
      },
      "59": {
        "start": { "line": 60, "column": 0 },
        "end": { "line": 60, "column": 9 }
      },
      "60": {
        "start": { "line": 61, "column": 0 },
        "end": { "line": 61, "column": 9 }
      },
      "62": {
        "start": { "line": 63, "column": 0 },
        "end": { "line": 63, "column": 2 }
      }
    },
    "s": {
      "0": 1,
      "1": 1,
      "4": 1,
      "5": 11,
      "6": 11,
      "7": 11,
      "9": 11,
      "10": 4,
      "12": 4,
[...]
      "38": 2,
      "39": 2,
      "41": 2,
      "42": 2,
      "43": 1,
      "44": 1,
      "45": 1,
      "46": 1,
      "47": 2,
      "49": 9,
      "50": 9,
      "51": 9,
      "52": 8,
      "53": 8,
      "55": 5,
      "56": 5,
      "58": 5,
      "59": 5,
      "60": 5,
      "62": 4,
      "63": 4,
      "64": 4,
      "65": 4,
      "66": 0,
      "68": 5,
      "69": 5,
      "70": 3,
      "71": 1,
      "73": 5,
      "74": 5,
      "75": 5,
      "77": 5,
      "78": 5,
      "80": 5,
      "81": 3,
      "82": 3,
      "83": 5,
      "85": 5,
      "86": 5,
      "87": 5
    },
    "branchMap": {
      "0": {
        "type": "branch",
        "line": 8,
        "loc": {
          "start": { "line": 8, "column": 0 },
          "end": { "line": 20, "column": 1 }
        },
        "locations": [
          {
            "start": { "line": 8, "column": 0 },
            "end": { "line": 20, "column": 1 }
          }
        ]
      },
      "1": {
        "type": "branch",
        "line": 14,
        "loc": {
          "start": { "line": 14, "column": 2 },
          "end": { "line": 20, "column": 1 }
        },
        "locations": [
          {
            "start": { "line": 14, "column": 2 },
            "end": { "line": 20, "column": 1 }
          }
        ]
      },
      "2": {
        "type": "branch",
        "line": 15,
        "loc": {
          "start": { "line": 15, "column": 15 },
          "end": { "line": 20, "column": 1 }
        },
        "locations": [
          {
            "start": { "line": 15, "column": 15 },
            "end": { "line": 20, "column": 1 }
          }
        ]
      },
      "3": {
        "type": "branch",
        "line": 22,
        "loc": {
          "start": { "line": 22, "column": 0 },
          "end": { "line": 35, "column": 1 }
        },
        "locations": [
          {
            "start": { "line": 22, "column": 0 },
            "end": { "line": 35, "column": 1 }
          }
        ]
      },
      "4": {
        "type": "branch",
        "line": 24,
        "loc": {
          "start": { "line": 24, "column": 22 },
          "end": { "line": 24, "column": 74 }
        },
        "locations": [
          {
            "start": { "line": 24, "column": 22 },
            "end": { "line": 24, "column": 74 }
          }
        ]
      },
      "5": {
        "type": "branch",
        "line": 24,
        "loc": {
          "start": { "line": 24, "column": 72 },
          "end": { "line": 28, "column": 28 }
        },
        "locations": [
          {
            "start": { "line": 24, "column": 72 },
            "end": { "line": 28, "column": 28 }
          }
        ]
      },
      "6": {
        "type": "branch",
        "line": 28,
        "loc": {
          "start": { "line": 28, "column": 22 },
          "end": { "line": 28, "column": 74 }
        },
        "locations": [
          {
            "start": { "line": 28, "column": 22 },
            "end": { "line": 28, "column": 74 }
          }
        ]
      },
      "7": {
        "type": "branch",
        "line": 28,
        "loc": {
          "start": { "line": 28, "column": 72 },
          "end": { "line": 34, "column": 17 }
        },
        "locations": [
          {
            "start": { "line": 28, "column": 72 },
            "end": { "line": 34, "column": 17 }
          }
        ]
      },
      "8": {
        "type": "branch",
        "line": 34,
        "loc": {
          "start": { "line": 34, "column": 9 },
          "end": { "line": 34, "column": 58 }
        },
        "locations": [
          {
            "start": { "line": 34, "column": 9 },
            "end": { "line": 34, "column": 58 }
          }
        ]
      },
      "9": {
        "type": "branch",
        "line": 34,
        "loc": {
          "start": { "line": 34, "column": 54 },
          "end": { "line": 34, "column": 75 }
        },
        "locations": [
          {
            "start": { "line": 34, "column": 54 },
            "end": { "line": 34, "column": 75 }
          }
        ]
      },
      "10": {
        "type": "branch",
        "line": 32,
        "loc": {
          "start": { "line": 32, "column": 4 },
          "end": { "line": 32, "column": 35 }
        },
        "locations": [
          {
            "start": { "line": 32, "column": 4 },
            "end": { "line": 32, "column": 35 }
          }
        ]
      },
      "11": {
        "type": "branch",
        "line": 37,
        "loc": {
          "start": { "line": 37, "column": 0 },
          "end": { "line": 48, "column": 1 }
        },
        "locations": [
          {
            "start": { "line": 37, "column": 0 },
            "end": { "line": 48, "column": 1 }
          }
        ]
      },
      "12": {
        "type": "branch",
        "line": 43,
        "loc": {
          "start": { "line": 43, "column": 64 },
          "end": { "line": 47, "column": 3 }
        },
        "locations": [
          {
            "start": { "line": 43, "column": 64 },
            "end": { "line": 47, "column": 3 }
          }
        ]
      },
      "13": {
        "type": "branch",
        "line": 50,
        "loc": {
          "start": { "line": 50, "column": 0 },
          "end": { "line": 54, "column": 1 }
        },
        "locations": [
          {
            "start": { "line": 50, "column": 0 },
            "end": { "line": 54, "column": 1 }
          }
        ]
      },
      "14": {
        "type": "branch",
        "line": 52,
        "loc": {
          "start": { "line": 52, "column": 15 },
          "end": { "line": 52, "column": 63 }
        },
        "locations": [
          {
            "start": { "line": 52, "column": 15 },
            "end": { "line": 52, "column": 63 }
          }
        ]
      },
      "15": {
        "type": "branch",
        "line": 52,
        "loc": {
          "start": { "line": 52, "column": 61 },
          "end": { "line": 54, "column": 1 }
        },
        "locations": [
          {
            "start": { "line": 52, "column": 61 },
            "end": { "line": 54, "column": 1 }
          }
        ]
      },
      "16": {
        "type": "branch",
        "line": 56,
        "loc": {
          "start": { "line": 56, "column": 0 },
          "end": { "line": 88, "column": 1 }
        },
        "locations": [
          {
            "start": { "line": 56, "column": 0 },
            "end": { "line": 88, "column": 1 }
          }
        ]
      },
      "17": {
        "type": "branch",
        "line": 61,
        "loc": {
          "start": { "line": 61, "column": 2 },
          "end": { "line": 66, "column": 44 }
        },
        "locations": [
          {
            "start": { "line": 61, "column": 2 },
            "end": { "line": 66, "column": 44 }
          }
        ]
      },
      "18": {
        "type": "branch",
        "line": 66,
        "loc": {
          "start": { "line": 66, "column": 43 },
          "end": { "line": 67, "column": 33 }
        },
        "locations": [
          {
            "start": { "line": 66, "column": 43 },
            "end": { "line": 67, "column": 33 }
          }
        ]
      },
      "19": {
        "type": "branch",
        "line": 70,
        "loc": {
          "start": { "line": 70, "column": 14 },
          "end": { "line": 70, "column": 43 }
        },
        "locations": [
          {
            "start": { "line": 70, "column": 14 },
            "end": { "line": 70, "column": 43 }
          }
        ]
      },
      "20": {
        "type": "branch",
        "line": 70,
        "loc": {
          "start": { "line": 70, "column": 40 },
          "end": { "line": 70, "column": 59 }
        },
        "locations": [
          {
            "start": { "line": 70, "column": 40 },
            "end": { "line": 70, "column": 59 }
          }
        ]
      },
      "21": {
        "type": "branch",
        "line": 70,
        "loc": {
          "start": { "line": 70, "column": 43 },
          "end": { "line": 71, "column": 30 }
        },
        "locations": [
          {
            "start": { "line": 70, "column": 43 },
            "end": { "line": 71, "column": 30 }
          }
        ]
      },
      "22": {
        "type": "branch",
        "line": 71,
        "loc": {
          "start": { "line": 71, "column": 14 },
          "end": { "line": 72, "column": 7 }
        },
        "locations": [
          {
            "start": { "line": 71, "column": 14 },
            "end": { "line": 72, "column": 7 }
          }
        ]
      },
      "23": {
        "type": "branch",
        "line": 57,
        "loc": {
          "start": { "line": 57, "column": 20 },
          "end": { "line": 57, "column": 50 }
        },
        "locations": [
          {
            "start": { "line": 57, "column": 20 },
            "end": { "line": 57, "column": 50 }
          }
        ]
      },
      "24": {
        "type": "branch",
        "line": 64,
        "loc": {
          "start": { "line": 64, "column": 43 },
          "end": { "line": 64, "column": 74 }
        },
        "locations": [
          {
            "start": { "line": 64, "column": 43 },
            "end": { "line": 64, "column": 74 }
          }
        ]
      },
      "25": {
        "type": "branch",
        "line": 78,
        "loc": {
          "start": { "line": 78, "column": 31 },
          "end": { "line": 78, "column": 52 }
        },
        "locations": [
          {
            "start": { "line": 78, "column": 31 },
            "end": { "line": 78, "column": 52 }
          }
        ]
      },
      "26": {
        "type": "branch",
        "line": 79,
        "loc": {
          "start": { "line": 79, "column": 23 },
          "end": { "line": 79, "column": 41 }
        },
        "locations": [
          {
            "start": { "line": 79, "column": 23 },
            "end": { "line": 79, "column": 41 }
          }
        ]
      },
      "27": {
        "type": "branch",
        "line": 81,
        "loc": {
          "start": { "line": 81, "column": 23 },
          "end": { "line": 84, "column": 6 }
        },
        "locations": [
          {
            "start": { "line": 81, "column": 23 },
            "end": { "line": 84, "column": 6 }
          }
        ]
      }
    },
    "b": {
      "0": [3],
      "1": [2],
      "2": [1],
      "3": [6],
      "4": [2],
      "5": [4],
      "6": [1],
      "7": [3],
      "8": [2],
      "9": [1],
      "10": [3],
      "11": [2],
      "12": [1],
      "13": [9],
      "14": [1],
      "15": [8],
      "16": [5],
      "17": [4],
      "18": [0],
      "19": [2],
      "20": [1],
      "21": [3],
      "22": [1],
      "23": [5],
      "24": [4],
      "25": [3],
      "26": [3],
      "27": [3]
    },
    "fnMap": {
      "0": {
        "name": "fetchPokemonList",
        "decl": {
          "start": { "line": 8, "column": 0 },
          "end": { "line": 20, "column": 1 }
        },
        "loc": {
          "start": { "line": 8, "column": 0 },
          "end": { "line": 20, "column": 1 }
        },
        "line": 8
      },
      "1": {
        "name": "fetchPokemonDescription",
        "decl": {
          "start": { "line": 22, "column": 0 },
          "end": { "line": 35, "column": 1 }
        },
        "loc": {
          "start": { "line": 22, "column": 0 },
          "end": { "line": 35, "column": 1 }
        },
        "line": 22
      },
      "2": {
        "name": "fetchPokemonByName",
        "decl": {
          "start": { "line": 37, "column": 0 },
          "end": { "line": 48, "column": 1 }
        },
        "loc": {
          "start": { "line": 37, "column": 0 },
          "end": { "line": 48, "column": 1 }
        },
        "line": 37
      },
      "3": {
        "name": "getJSON",
        "decl": {
          "start": { "line": 50, "column": 0 },
          "end": { "line": 54, "column": 1 }
        },
        "loc": {
          "start": { "line": 50, "column": 0 },
          "end": { "line": 54, "column": 1 }
        },
        "line": 50
      },
      "4": {
        "name": "fetchPokemonDetail",
        "decl": {
          "start": { "line": 56, "column": 0 },
          "end": { "line": 88, "column": 1 }
        },
        "loc": {
          "start": { "line": 56, "column": 0 },
          "end": { "line": 88, "column": 1 }
        },
        "line": 56
      }
    },
    "f": { "0": 3, "1": 6, "2": 2, "3": 9, "4": 5 }
  },
  "/Users/tatanapulatova/RS-React/src/top-controlls/SearchInput.tsx": {
    "path": "/Users/tatanapulatova/RS-React/src/top-controlls/SearchInput.tsx",
    "all": false,
    "statementMap": {
      "0": {
        "start": { "line": 1, "column": 0 },
        "end": { "line": 1, "column": 26 }
      },
      "3": {
        "start": { "line": 4, "column": 0 },
        "end": { "line": 4, "column": 63 }
      },
      "4": {
        "start": { "line": 5, "column": 0 },
        "end": { "line": 5, "column": 13 }
      },
      "5": {
        "start": { "line": 6, "column": 0 },
        "end": { "line": 6, "column": 16 }
      },
      "6": {
        "start": { "line": 7, "column": 0 },
        "end": { "line": 7, "column": 11 }
      },
      "7": {
        "start": { "line": 8, "column": 0 },
        "end": { "line": 8, "column": 10 }
      },
      "8": {
        "start": { "line": 9, "column": 0 },
        "end": { "line": 9, "column": 8 }
      },
      "9": {
        "start": { "line": 10, "column": 0 },
        "end": { "line": 10, "column": 10 }
      },
      "10": {
        "start": { "line": 11, "column": 0 },
        "end": { "line": 11, "column": 7 }
      },
      "11": {
        "start": { "line": 12, "column": 0 },
        "end": { "line": 12, "column": 57 }
      },
      "13": {
        "start": { "line": 14, "column": 0 },
        "end": { "line": 14, "column": 10 }
      },
      "14": {
        "start": { "line": 15, "column": 0 },
        "end": { "line": 15, "column": 54 }
      },
      "15": {
        "start": { "line": 16, "column": 0 },
        "end": { "line": 16, "column": 34 }
      },
      "16": {
        "start": { "line": 17, "column": 0 },
        "end": { "line": 17, "column": 34 }
      },
      "17": {
        "start": { "line": 18, "column": 0 },
        "end": { "line": 18, "column": 12 }
      },
      "18": {
        "start": { "line": 19, "column": 0 },
        "end": { "line": 19, "column": 12 }
      },
      "19": {
        "start": { "line": 20, "column": 0 },
        "end": { "line": 20, "column": 26 }
      },
      "20": {
        "start": { "line": 21, "column": 0 },
        "end": { "line": 21, "column": 32 }
      },
      "21": {
        "start": { "line": 22, "column": 0 },
        "end": { "line": 22, "column": 19 }
      },
      "22": {
        "start": { "line": 23, "column": 0 },
        "end": { "line": 23, "column": 52 }
      },
      "23": {
        "start": { "line": 24, "column": 0 },
        "end": { "line": 24, "column": 32 }
      },
      "24": {
        "start": { "line": 25, "column": 0 },
        "end": { "line": 25, "column": 8 }
      },
      "25": {
        "start": { "line": 26, "column": 0 },
        "end": { "line": 26, "column": 13 }
      },
      "26": {
        "start": { "line": 27, "column": 0 },
        "end": { "line": 27, "column": 21 }
      },
      "27": {
        "start": { "line": 28, "column": 0 },
        "end": { "line": 28, "column": 29 }
      },
      "28": {
        "start": { "line": 29, "column": 0 },
        "end": { "line": 29, "column": 40 }
      },
      "30": {
        "start": { "line": 31, "column": 0 },
        "end": { "line": 31, "column": 43 }
      },
      "31": {
        "start": { "line": 32, "column": 0 },
        "end": { "line": 32, "column": 15 }
      },
      "32": {
        "start": { "line": 33, "column": 0 },
        "end": { "line": 33, "column": 17 }
      },
      "33": {
        "start": { "line": 34, "column": 0 },
        "end": { "line": 34, "column": 39 }
      },
      "34": {
        "start": { "line": 35, "column": 0 },
        "end": { "line": 35, "column": 56 }
      },
      "35": {
        "start": { "line": 36, "column": 0 },
        "end": { "line": 36, "column": 17 }
      },
      "36": {
        "start": { "line": 37, "column": 0 },
        "end": { "line": 37, "column": 25 }
      },
      "37": {
        "start": { "line": 38, "column": 0 },
        "end": { "line": 38, "column": 29 }
      },
      "38": {
        "start": { "line": 39, "column": 0 },
        "end": { "line": 39, "column": 43 }
      },
      "39": {
        "start": { "line": 40, "column": 0 },
        "end": { "line": 40, "column": 11 }
      },
      "41": {
        "start": { "line": 42, "column": 0 },
        "end": { "line": 42, "column": 19 }
      },
      "42": {
        "start": { "line": 43, "column": 0 },
        "end": { "line": 43, "column": 14 }
      },
      "44": {
        "start": { "line": 45, "column": 0 },
        "end": { "line": 45, "column": 11 }
      },
      "46": {
        "start": { "line": 47, "column": 0 },
        "end": { "line": 47, "column": 2 }
      }
    },
    "s": {
      "0": 1,
      "3": 1,
      "4": 42,
      "5": 42,
      "6": 42,
      "7": 42,
      "8": 42,
      "9": 42,
      "10": 42,
      "11": 42,
      "13": 42,
      "14": 42,
      "15": 42,
      "16": 42,
      "17": 42,
      "18": 42,
      "19": 42,
      "20": 42,
      "21": 42,
      "22": 42,
      "23": 42,
      "24": 42,
      "25": 42,
      "26": 42,
      "27": 42,
      "28": 42,
      "30": 42,
      "31": 42,
      "32": 42,
      "33": 2,
      "34": 2,
      "35": 2,
      "36": 2,
      "37": 2,
      "38": 2,
      "39": 2,
      "41": 2,
      "42": 2,
      "44": 42,
      "46": 42
    },
    "branchMap": {
      "0": {
        "type": "branch",
        "line": 4,
        "loc": {
          "start": { "line": 4, "column": 61 },
          "end": { "line": 47, "column": 2 }
        },
        "locations": [
          {
            "start": { "line": 4, "column": 61 },
            "end": { "line": 47, "column": 2 }
          }
        ]
      },
      "1": {
        "type": "branch",
        "line": 12,
        "loc": {
          "start": { "line": 12, "column": 21 },
          "end": { "line": 12, "column": 57 }
        },
        "locations": [
          {
            "start": { "line": 12, "column": 21 },
            "end": { "line": 12, "column": 57 }
          }
        ]
      },
      "2": {
        "type": "branch",
        "line": 31,
        "loc": {
          "start": { "line": 31, "column": 9 },
          "end": { "line": 31, "column": 34 }
        },
        "locations": [
          {
            "start": { "line": 31, "column": 9 },
            "end": { "line": 31, "column": 34 }
          }
        ]
      },
      "3": {
        "type": "branch",
        "line": 31,
        "loc": {
          "start": { "line": 31, "column": 19 },
          "end": { "line": 31, "column": 43 }
        },
        "locations": [
          {
            "start": { "line": 31, "column": 19 },
            "end": { "line": 31, "column": 43 }
          }
        ]
      },
      "4": {
        "type": "branch",
        "line": 33,
        "loc": {
          "start": { "line": 33, "column": 7 },
          "end": { "line": 43, "column": 14 }
        },
        "locations": [
          {
            "start": { "line": 33, "column": 7 },
            "end": { "line": 43, "column": 14 }
          }
        ]
      }
    },
    "b": { "0": [42], "1": [30], "2": [12], "3": [30], "4": [2] },
    "fnMap": {
      "0": {
        "name": "SearchControls",
        "decl": {
          "start": { "line": 4, "column": 61 },
          "end": { "line": 47, "column": 2 }
        },
        "loc": {
          "start": { "line": 4, "column": 61 },
          "end": { "line": 47, "column": 2 }
        },
        "line": 4
      }
    },
    "f": { "0": 42 }
  }
}
