{
  "/Users/tatanapulatova/RS-React/src/App.tsx": {
    "path": "/Users/tatanapulatova/RS-React/src/App.tsx",
    "all": false,
    "statementMap": {
      "0": {
        "start": { "line": 1, "column": 0 },
        "end": { "line": 1, "column": 19 }
      },
      "1": {
        "start": { "line": 2, "column": 0 },
        "end": { "line": 2, "column": 51 }
      },
      "2": {
        "start": { "line": 3, "column": 0 },
        "end": { "line": 3, "column": 51 }
      },
      "3": {
        "start": { "line": 4, "column": 0 },
        "end": { "line": 4, "column": 61 }
      },
      "4": {
        "start": { "line": 5, "column": 0 },
        "end": { "line": 5, "column": 55 }
      },
      "5": {
        "start": { "line": 6, "column": 0 },
        "end": { "line": 6, "column": 61 }
      },
      "6": {
        "start": { "line": 7, "column": 0 },
        "end": { "line": 7, "column": 54 }
      },
      "7": {
        "start": { "line": 8, "column": 0 },
        "end": { "line": 8, "column": 73 }
      },
      "8": {
        "start": { "line": 9, "column": 0 },
        "end": { "line": 9, "column": 62 }
      },
      "9": {
        "start": { "line": 10, "column": 0 },
        "end": { "line": 10, "column": 51 }
      },
      "11": {
        "start": { "line": 12, "column": 0 },
        "end": { "line": 12, "column": 56 }
      },
      "12": {
        "start": { "line": 13, "column": 0 },
        "end": { "line": 13, "column": 76 }
      },
      "16": {
        "start": { "line": 17, "column": 0 },
        "end": { "line": 17, "column": 36 }
      },
      "17": {
        "start": { "line": 18, "column": 0 },
        "end": { "line": 18, "column": 30 }
      },
      "18": {
        "start": { "line": 19, "column": 0 },
        "end": { "line": 19, "column": 44 }
      },
      "20": {
        "start": { "line": 21, "column": 0 },
        "end": { "line": 21, "column": 57 }
      },
      "21": {
        "start": { "line": 22, "column": 0 },
        "end": { "line": 22, "column": 48 }
      },
      "22": {
        "start": { "line": 23, "column": 0 },
        "end": { "line": 23, "column": 60 }
      },
      "23": {
        "start": { "line": 24, "column": 0 },
        "end": { "line": 24, "column": 21 }
      },
      "25": {
        "start": { "line": 26, "column": 0 },
        "end": { "line": 26, "column": 50 }
      },
      "26": {
        "start": { "line": 27, "column": 0 },
        "end": { "line": 27, "column": 19 }
      },
      "27": {
        "start": { "line": 28, "column": 0 },
        "end": { "line": 28, "column": 26 }
      },
      "28": {
        "start": { "line": 29, "column": 0 },
        "end": { "line": 29, "column": 20 }
      },
      "30": {
        "start": { "line": 31, "column": 0 },
        "end": { "line": 31, "column": 58 }
      },
      "31": {
        "start": { "line": 32, "column": 0 },
        "end": { "line": 32, "column": 41 }
      },
      "32": {
        "start": { "line": 33, "column": 0 },
        "end": { "line": 33, "column": 74 }
      },
      "33": {
        "start": { "line": 34, "column": 0 },
        "end": { "line": 34, "column": 32 }
      },
      "34": {
        "start": { "line": 35, "column": 0 },
        "end": { "line": 35, "column": 29 }
      },
      "35": {
        "start": { "line": 36, "column": 0 },
        "end": { "line": 36, "column": 5 }
      },
      "37": {
        "start": { "line": 38, "column": 0 },
        "end": { "line": 38, "column": 36 }
      },
      "38": {
        "start": { "line": 39, "column": 0 },
        "end": { "line": 39, "column": 24 }
      },
      "39": {
        "start": { "line": 40, "column": 0 },
        "end": { "line": 40, "column": 9 }
      },
      "40": {
        "start": { "line": 41, "column": 0 },
        "end": { "line": 41, "column": 11 }
      },
      "41": {
        "start": { "line": 42, "column": 0 },
        "end": { "line": 42, "column": 56 }
      },
      "42": {
        "start": { "line": 43, "column": 0 },
        "end": { "line": 43, "column": 59 }
      },
      "43": {
        "start": { "line": 44, "column": 0 },
        "end": { "line": 44, "column": 12 }
      },
      "44": {
        "start": { "line": 45, "column": 0 },
        "end": { "line": 45, "column": 9 }
      },
      "45": {
        "start": { "line": 46, "column": 0 },
        "end": { "line": 46, "column": 46 }
      },
      "46": {
        "start": { "line": 47, "column": 0 },
        "end": { "line": 47, "column": 49 }
      },
      "47": {
        "start": { "line": 48, "column": 0 },
        "end": { "line": 48, "column": 52 }
      },
      "48": {
        "start": { "line": 49, "column": 0 },
        "end": { "line": 49, "column": 19 }
      },
      "49": {
        "start": { "line": 50, "column": 0 },
        "end": { "line": 50, "column": 5 }
      },
      "51": {
        "start": { "line": 52, "column": 0 },
        "end": { "line": 52, "column": 19 }
      },
      "52": {
        "start": { "line": 53, "column": 0 },
        "end": { "line": 53, "column": 66 }
      },
      "53": {
        "start": { "line": 54, "column": 0 },
        "end": { "line": 54, "column": 15 }
      },
      "54": {
        "start": { "line": 55, "column": 0 },
        "end": { "line": 55, "column": 40 }
      },
      "55": {
        "start": { "line": 56, "column": 0 },
        "end": { "line": 56, "column": 64 }
      },
      "57": {
        "start": { "line": 58, "column": 0 },
        "end": { "line": 58, "column": 31 }
      },
      "58": {
        "start": { "line": 59, "column": 0 },
        "end": { "line": 59, "column": 23 }
      },
      "59": {
        "start": { "line": 60, "column": 0 },
        "end": { "line": 60, "column": 75 }
      },
      "61": {
        "start": { "line": 62, "column": 0 },
        "end": { "line": 62, "column": 49 }
      },
      "62": {
        "start": { "line": 63, "column": 0 },
        "end": { "line": 63, "column": 24 }
      },
      "63": {
        "start": { "line": 64, "column": 0 },
        "end": { "line": 64, "column": 26 }
      },
      "64": {
        "start": { "line": 65, "column": 0 },
        "end": { "line": 65, "column": 44 }
      },
      "65": {
        "start": { "line": 66, "column": 0 },
        "end": { "line": 66, "column": 4 }
      },
      "67": {
        "start": { "line": 68, "column": 0 },
        "end": { "line": 68, "column": 29 }
      },
      "68": {
        "start": { "line": 69, "column": 0 },
        "end": { "line": 69, "column": 22 }
      },
      "69": {
        "start": { "line": 70, "column": 0 },
        "end": { "line": 70, "column": 48 }
      },
      "70": {
        "start": { "line": 71, "column": 0 },
        "end": { "line": 71, "column": 12 }
      },
      "71": {
        "start": { "line": 72, "column": 0 },
        "end": { "line": 72, "column": 26 }
      },
      "72": {
        "start": { "line": 73, "column": 0 },
        "end": { "line": 73, "column": 5 }
      },
      "73": {
        "start": { "line": 74, "column": 0 },
        "end": { "line": 74, "column": 4 }
      },
      "75": {
        "start": { "line": 76, "column": 0 },
        "end": { "line": 76, "column": 39 }
      },
      "76": {
        "start": { "line": 77, "column": 0 },
        "end": { "line": 77, "column": 62 }
      },
      "77": {
        "start": { "line": 78, "column": 0 },
        "end": { "line": 78, "column": 4 }
      },
      "79": {
        "start": { "line": 80, "column": 0 },
        "end": { "line": 80, "column": 10 }
      },
      "80": {
        "start": { "line": 81, "column": 0 },
        "end": { "line": 81, "column": 19 }
      },
      "81": {
        "start": { "line": 82, "column": 0 },
        "end": { "line": 82, "column": 21 }
      },
      "82": {
        "start": { "line": 83, "column": 0 },
        "end": { "line": 83, "column": 26 }
      },
      "83": {
        "start": { "line": 84, "column": 0 },
        "end": { "line": 84, "column": 55 }
      },
      "84": {
        "start": { "line": 85, "column": 0 },
        "end": { "line": 85, "column": 31 }
      },
      "85": {
        "start": { "line": 86, "column": 0 },
        "end": { "line": 86, "column": 27 }
      },
      "86": {
        "start": { "line": 87, "column": 0 },
        "end": { "line": 87, "column": 44 }
      },
      "87": {
        "start": { "line": 88, "column": 0 },
        "end": { "line": 88, "column": 29 }
      },
      "88": {
        "start": { "line": 89, "column": 0 },
        "end": { "line": 89, "column": 8 }
      },
      "90": {
        "start": { "line": 91, "column": 0 },
        "end": { "line": 91, "column": 21 }
      },
      "91": {
        "start": { "line": 92, "column": 0 },
        "end": { "line": 92, "column": 40 }
      },
      "92": {
        "start": { "line": 93, "column": 0 },
        "end": { "line": 93, "column": 37 }
      },
      "93": {
        "start": { "line": 94, "column": 0 },
        "end": { "line": 94, "column": 14 }
      },
      "96": {
        "start": { "line": 97, "column": 0 },
        "end": { "line": 97, "column": 44 }
      },
      "97": {
        "start": { "line": 98, "column": 0 },
        "end": { "line": 98, "column": 58 }
      },
      "100": {
        "start": { "line": 101, "column": 0 },
        "end": { "line": 101, "column": 70 }
      },
      "101": {
        "start": { "line": 102, "column": 0 },
        "end": { "line": 102, "column": 36 }
      },
      "102": {
        "start": { "line": 103, "column": 0 },
        "end": { "line": 103, "column": 17 }
      },
      "103": {
        "start": { "line": 104, "column": 0 },
        "end": { "line": 104, "column": 37 }
      },
      "104": {
        "start": { "line": 105, "column": 0 },
        "end": { "line": 105, "column": 49 }
      },
      "105": {
        "start": { "line": 106, "column": 0 },
        "end": { "line": 106, "column": 11 }
      },
      "107": {
        "start": { "line": 108, "column": 0 },
        "end": { "line": 108, "column": 19 }
      },
      "108": {
        "start": { "line": 109, "column": 0 },
        "end": { "line": 109, "column": 39 }
      },
      "109": {
        "start": { "line": 110, "column": 0 },
        "end": { "line": 110, "column": 17 }
      },
      "110": {
        "start": { "line": 111, "column": 0 },
        "end": { "line": 111, "column": 48 }
      },
      "111": {
        "start": { "line": 112, "column": 0 },
        "end": { "line": 112, "column": 49 }
      },
      "112": {
        "start": { "line": 113, "column": 0 },
        "end": { "line": 113, "column": 11 }
      },
      "114": {
        "start": { "line": 115, "column": 0 },
        "end": { "line": 115, "column": 19 }
      },
      "115": {
        "start": { "line": 116, "column": 0 },
        "end": { "line": 116, "column": 14 }
      },
      "118": {
        "start": { "line": 119, "column": 0 },
        "end": { "line": 119, "column": 24 }
      },
      "120": {
        "start": { "line": 121, "column": 0 },
        "end": { "line": 121, "column": 32 }
      },
      "121": {
        "start": { "line": 122, "column": 0 },
        "end": { "line": 122, "column": 15 }
      },
      "122": {
        "start": { "line": 123, "column": 0 },
        "end": { "line": 123, "column": 77 }
      },
      "123": {
        "start": { "line": 124, "column": 0 },
        "end": { "line": 124, "column": 9 }
      },
      "125": {
        "start": { "line": 126, "column": 0 },
        "end": { "line": 126, "column": 17 }
      },
      "126": {
        "start": { "line": 127, "column": 0 },
        "end": { "line": 127, "column": 25 }
      },
      "127": {
        "start": { "line": 128, "column": 0 },
        "end": { "line": 128, "column": 17 }
      },
      "128": {
        "start": { "line": 129, "column": 0 },
        "end": { "line": 129, "column": 26 }
      },
      "129": {
        "start": { "line": 130, "column": 0 },
        "end": { "line": 130, "column": 74 }
      },
      "131": {
        "start": { "line": 132, "column": 0 },
        "end": { "line": 132, "column": 11 }
      },
      "132": {
        "start": { "line": 133, "column": 0 },
        "end": { "line": 133, "column": 32 }
      },
      "133": {
        "start": { "line": 134, "column": 0 },
        "end": { "line": 134, "column": 19 }
      },
      "135": {
        "start": { "line": 136, "column": 0 },
        "end": { "line": 136, "column": 12 }
      },
      "137": {
        "start": { "line": 138, "column": 0 },
        "end": { "line": 138, "column": 70 }
      },
      "139": {
        "start": { "line": 140, "column": 0 },
        "end": { "line": 140, "column": 15 }
      },
      "140": {
        "start": { "line": 141, "column": 0 },
        "end": { "line": 141, "column": 25 }
      },
      "141": {
        "start": { "line": 142, "column": 0 },
        "end": { "line": 142, "column": 20 }
      },
      "143": {
        "start": { "line": 144, "column": 0 },
        "end": { "line": 144, "column": 2 }
      }
    },
    "s": {
      "0": 1,
      "1": 1,
      "2": 1,
      "3": 1,
      "4": 1,
      "5": 1,
      "6": 1,
      "7": 1,
      "8": 1,
      "9": 1,
      "11": 1,
      "12": 1,
      "16": 1,
      "17": 40,
      "18": 40,
      "20": 40,
      "21": 40,
      "22": 40,
      "23": 40,
      "25": 40,
      "26": 40,
      "27": 12,
      "28": 40,
      "30": 40,
      "31": 40,
      "32": 40,
      "33": 40,
      "34": 40,
      "35": 40,
      "37": 40,
      "38": 40,
      "39": 16,
      "40": 16,
      "41": 16,
      "42": 16,
      "43": 16,
      "44": 16,
      "45": 24,
      "46": 31,
      "47": 31,
      "48": 24,
      "49": 40,
      "51": 40,
      "52": 40,
      "53": 40,
      "54": 40,
      "55": 40,
      "57": 40,
      "58": 40,
      "59": 40,
      "61": 40,
      "62": 4,
      "63": 4,
      "64": 4,
      "65": 4,
      "67": 40,
      "68": 1,
      "69": 1,
      "70": 1,
      "71": 0,
      "72": 0,
      "73": 1,
      "75": 40,
      "76": 1,
      "77": 1,
      "79": 40,
      "80": 40,
      "81": 40,
      "82": 40,
      "83": 40,
      "84": 40,
      "85": 40,
      "86": 40,
      "87": 40,
      "88": 40,
      "90": 40,
      "91": 15,
      "92": 15,
      "93": 15,
      "96": 40,
      "97": 14,
      "100": 40,
      "101": 6,
      "102": 6,
      "103": 6,
      "104": 6,
      "105": 6,
      "107": 6,
      "108": 6,
      "109": 6,
      "110": 6,
      "111": 6,
      "112": 6,
      "114": 6,
      "115": 6,
      "118": 40,
      "120": 40,
      "121": 40,
      "122": 40,
      "123": 40,
      "125": 40,
      "126": 40,
      "127": 16,
      "128": 16,
      "129": 1,
      "131": 16,
      "132": 16,
      "133": 16,
      "135": 40,
      "137": 40,
      "139": 40,
      "140": 40,
      "141": 40,
      "143": 40
    },
    "branchMap": {
      "0": {
        "type": "branch",
        "line": 17,
        "loc": {
          "start": { "line": 17, "column": 29 },
          "end": { "line": 144, "column": 2 }
        },
        "locations": [
          {
            "start": { "line": 17, "column": 29 },
            "end": { "line": 144, "column": 2 }
          }
        ]
      },
      "1": {
        "type": "branch",
        "line": 23,
        "loc": {
          "start": { "line": 23, "column": 46 },
          "end": { "line": 23, "column": 56 }
        },
        "locations": [
          {
            "start": { "line": 23, "column": 46 },
            "end": { "line": 23, "column": 56 }
          }
        ]
      },
      "2": {
        "type": "branch",
        "line": 39,
        "loc": {
          "start": { "line": 39, "column": 13 },
          "end": { "line": 45, "column": 9 }
        },
        "locations": [
          {
            "start": { "line": 39, "column": 13 },
            "end": { "line": 45, "column": 9 }
          }
        ]
      },
      "3": {
        "type": "branch",
        "line": 45,
        "loc": {
          "start": { "line": 45, "column": 8 },
          "end": { "line": 49, "column": 19 }
        },
        "locations": [
          {
            "start": { "line": 45, "column": 8 },
            "end": { "line": 49, "column": 19 }
          }
        ]
      },
      "4": {
        "type": "branch",
        "line": 46,
        "loc": {
          "start": { "line": 46, "column": 19 },
          "end": { "line": 46, "column": 33 }
        },
        "locations": [
          {
            "start": { "line": 46, "column": 19 },
            "end": { "line": 46, "column": 33 }
          }
        ]
      },
      "5": {
        "type": "branch",
        "line": 49,
        "loc": {
          "start": { "line": 49, "column": 10 },
          "end": { "line": 49, "column": 19 }
        },
        "locations": [
          {
            "start": { "line": 49, "column": 10 },
            "end": { "line": 49, "column": 19 }
          }
        ]
      },
      "6": {
        "type": "branch",
        "line": 53,
        "loc": {
          "start": { "line": 53, "column": 14 },
          "end": { "line": 53, "column": 66 }
        },
        "locations": [
          {
            "start": { "line": 53, "column": 14 },
            "end": { "line": 53, "column": 66 }
          }
        ]
      },
      "7": {
        "type": "branch",
        "line": 56,
        "loc": {
          "start": { "line": 56, "column": 38 },
          "end": { "line": 56, "column": 64 }
        },
        "locations": [
          {
            "start": { "line": 56, "column": 38 },
            "end": { "line": 56, "column": 64 }
          }
        ]
      },
      "8": {
        "type": "branch",
        "line": 87,
        "loc": {
          "start": { "line": 87, "column": 15 },
          "end": { "line": 87, "column": 39 }
        },
        "locations": [
          {
            "start": { "line": 87, "column": 15 },
            "end": { "line": 87, "column": 39 }
          }
        ]
      },
      "9": {
        "type": "branch",
        "line": 87,
        "loc": {
          "start": { "line": 87, "column": 29 },
          "end": { "line": 87, "column": 44 }
        },
        "locations": [
          {
            "start": { "line": 87, "column": 29 },
            "end": { "line": 87, "column": 44 }
          }
        ]
      },
      "10": {
        "type": "branch",
        "line": 91,
        "loc": {
          "start": { "line": 91, "column": 7 },
          "end": { "line": 94, "column": 14 }
        },
        "locations": [
          {
            "start": { "line": 91, "column": 7 },
            "end": { "line": 94, "column": 14 }
          }
        ]
      },
      "11": {
        "type": "branch",
        "line": 97,
        "loc": {
          "start": { "line": 97, "column": 8 },
          "end": { "line": 97, "column": 44 }
        },
        "locations": [
          {
            "start": { "line": 97, "column": 8 },
            "end": { "line": 97, "column": 44 }
          }
        ]
      },
      "12": {
        "type": "branch",
        "line": 97,
        "loc": {
          "start": { "line": 97, "column": 38 },
          "end": { "line": 98, "column": 58 }
        },
        "locations": [
          {
            "start": { "line": 97, "column": 38 },
            "end": { "line": 98, "column": 58 }
          }
        ]
      },
      "13": {
        "type": "branch",
        "line": 101,
        "loc": {
          "start": { "line": 101, "column": 23 },
          "end": { "line": 101, "column": 47 }
        },
        "locations": [
          {
            "start": { "line": 101, "column": 23 },
            "end": { "line": 101, "column": 47 }
          }
        ]
      },
      "14": {
        "type": "branch",
        "line": 101,
        "loc": {
          "start": { "line": 101, "column": 39 },
          "end": { "line": 101, "column": 70 }
        },
        "locations": [
          {
            "start": { "line": 101, "column": 39 },
            "end": { "line": 101, "column": 70 }
          }
        ]
      },
      "15": {
        "type": "branch",
        "line": 101,
        "loc": {
          "start": { "line": 101, "column": 64 },
          "end": { "line": 116, "column": 14 }
        },
        "locations": [
          {
            "start": { "line": 101, "column": 64 },
            "end": { "line": 116, "column": 14 }
          }
        ]
      },
      "16": {
        "type": "branch",
        "line": 127,
        "loc": {
          "start": { "line": 127, "column": 9 },
          "end": { "line": 134, "column": 19 }
        },
        "locations": [
          {
            "start": { "line": 127, "column": 9 },
            "end": { "line": 134, "column": 19 }
          }
        ]
      },
      "17": {
        "type": "branch",
        "line": 141,
        "loc": {
          "start": { "line": 141, "column": 7 },
          "end": { "line": 141, "column": 25 }
        },
        "locations": [
          {
            "start": { "line": 141, "column": 7 },
            "end": { "line": 141, "column": 25 }
          }
        ]
      },
      "18": {
        "type": "branch",
        "line": 27,
        "loc": {
          "start": { "line": 27, "column": 12 },
          "end": { "line": 29, "column": 5 }
        },
        "locations": [
          {
            "start": { "line": 27, "column": 12 },
            "end": { "line": 29, "column": 5 }
          }
        ]
      },
      "19": {
        "type": "branch",
        "line": 33,
        "loc": {
          "start": { "line": 33, "column": 13 },
          "end": { "line": 33, "column": 74 }
        },
        "locations": [
          {
            "start": { "line": 33, "column": 13 },
            "end": { "line": 33, "column": 74 }
          }
        ]
      },
      "20": {
        "type": "branch",
        "line": 43,
        "loc": {
          "start": { "line": 43, "column": 21 },
          "end": { "line": 43, "column": 59 }
        },
        "locations": [
          {
            "start": { "line": 43, "column": 21 },
            "end": { "line": 43, "column": 59 }
          }
        ]
      },
      "21": {
        "type": "branch",
        "line": 46,
        "loc": {
          "start": { "line": 46, "column": 37 },
          "end": { "line": 49, "column": 10 }
        },
        "locations": [
          {
            "start": { "line": 46, "column": 37 },
            "end": { "line": 49, "column": 10 }
          }
        ]
      },
      "22": {
        "type": "branch",
        "line": 48,
        "loc": {
          "start": { "line": 48, "column": 19 },
          "end": { "line": 48, "column": 52 }
        },
        "locations": [
          {
            "start": { "line": 48, "column": 19 },
            "end": { "line": 48, "column": 52 }
          }
        ]
      },
      "23": {
        "type": "branch",
        "line": 53,
        "loc": {
          "start": { "line": 53, "column": 46 },
          "end": { "line": 53, "column": 64 }
        },
        "locations": [
          {
            "start": { "line": 53, "column": 46 },
            "end": { "line": 53, "column": 64 }
          }
        ]
      },
      "24": {
        "type": "branch",
        "line": 56,
        "loc": {
          "start": { "line": 56, "column": 24 },
          "end": { "line": 56, "column": 38 }
        },
        "locations": [
          {
            "start": { "line": 56, "column": 24 },
            "end": { "line": 56, "column": 38 }
          }
        ]
      },
      "25": {
        "type": "branch",
        "line": 59,
        "loc": {
          "start": { "line": 59, "column": 9 },
          "end": { "line": 59, "column": 22 }
        },
        "locations": [
          {
            "start": { "line": 59, "column": 9 },
            "end": { "line": 59, "column": 22 }
          }
        ]
      },
      "26": {
        "type": "branch",
        "line": 60,
        "loc": {
          "start": { "line": 60, "column": 12 },
          "end": { "line": 60, "column": 73 }
        },
        "locations": [
          {
            "start": { "line": 60, "column": 12 },
            "end": { "line": 60, "column": 73 }
          }
        ]
      },
      "27": {
        "type": "branch",
        "line": 62,
        "loc": {
          "start": { "line": 62, "column": 23 },
          "end": { "line": 66, "column": 4 }
        },
        "locations": [
          {
            "start": { "line": 62, "column": 23 },
            "end": { "line": 66, "column": 4 }
          }
        ]
      },
      "28": {
        "type": "branch",
        "line": 68,
        "loc": {
          "start": { "line": 68, "column": 22 },
          "end": { "line": 74, "column": 4 }
        },
        "locations": [
          {
            "start": { "line": 68, "column": 22 },
            "end": { "line": 74, "column": 4 }
          }
        ]
      },
      "29": {
        "type": "branch",
        "line": 71,
        "loc": {
          "start": { "line": 71, "column": 4 },
          "end": { "line": 73, "column": 5 }
        },
        "locations": [
          {
            "start": { "line": 71, "column": 4 },
            "end": { "line": 73, "column": 5 }
          }
        ]
      },
      "30": {
        "type": "branch",
        "line": 70,
        "loc": {
          "start": { "line": 70, "column": 28 },
          "end": { "line": 70, "column": 46 }
        },
        "locations": [
          {
            "start": { "line": 70, "column": 28 },
            "end": { "line": 70, "column": 46 }
          }
        ]
      },
      "31": {
        "type": "branch",
        "line": 76,
        "loc": {
          "start": { "line": 76, "column": 17 },
          "end": { "line": 78, "column": 4 }
        },
        "locations": [
          {
            "start": { "line": 76, "column": 17 },
            "end": { "line": 78, "column": 4 }
          }
        ]
      },
      "32": {
        "type": "branch",
        "line": 84,
        "loc": {
          "start": { "line": 84, "column": 23 },
          "end": { "line": 84, "column": 55 }
        },
        "locations": [
          {
            "start": { "line": 84, "column": 23 },
            "end": { "line": 84, "column": 55 }
          }
        ]
      },
      "33": {
        "type": "branch",
        "line": 112,
        "loc": {
          "start": { "line": 112, "column": 21 },
          "end": { "line": 112, "column": 49 }
        },
        "locations": [
          {
            "start": { "line": 112, "column": 21 },
            "end": { "line": 112, "column": 49 }
          }
        ]
      },
      "34": {
        "type": "branch",
        "line": 123,
        "loc": {
          "start": { "line": 123, "column": 19 },
          "end": { "line": 123, "column": 77 }
        },
        "locations": [
          {
            "start": { "line": 123, "column": 19 },
            "end": { "line": 123, "column": 77 }
          }
        ]
      },
      "35": {
        "type": "branch",
        "line": 129,
        "loc": {
          "start": { "line": 129, "column": 21 },
          "end": { "line": 130, "column": 74 }
        },
        "locations": [
          {
            "start": { "line": 129, "column": 21 },
            "end": { "line": 130, "column": 74 }
          }
        ]
      }
    },
    "b": {
      "0": [40],
      "1": [19],
      "2": [16],
      "3": [24],
      "4": [17],
      "5": [7],
      "6": [33],
      "7": [2],
      "8": [2],
      "9": [38],
      "10": [15],
      "11": [25],
      "12": [14],
      "13": [24],
      "14": [17],
      "15": [6],
      "16": [16],
      "17": [0],
      "18": [12],
      "19": [7],
      "20": [8],
      "21": [31],
      "22": [12],
      "23": [42],
      "24": [47],
      "25": [47],
      "26": [47],
      "27": [4],
      "28": [1],
      "29": [0],
      "30": [1],
      "31": [1],
      "32": [4],
      "33": [1],
      "34": [1],
      "35": [1]
    },
    "fnMap": {
      "0": {
        "name": "App",
        "decl": {
          "start": { "line": 17, "column": 29 },
          "end": { "line": 144, "column": 2 }
        },
        "loc": {
          "start": { "line": 17, "column": 29 },
          "end": { "line": 144, "column": 2 }
        },
        "line": 17
      },
      "1": {
        "name": "queryFn",
        "decl": {
          "start": { "line": 33, "column": 13 },
          "end": { "line": 33, "column": 74 }
        },
        "loc": {
          "start": { "line": 33, "column": 13 },
          "end": { "line": 33, "column": 74 }
        },
        "line": 33
      },
      "2": {
        "name": "queryFn",
        "decl": {
          "start": { "line": 43, "column": 21 },
          "end": { "line": 43, "column": 59 }
        },
        "loc": {
          "start": { "line": 43, "column": 21 },
          "end": { "line": 43, "column": 59 }
        },
        "line": 43
      },
      "3": {
        "name": "queryFn",
        "decl": {
          "start": { "line": 48, "column": 19 },
          "end": { "line": 48, "column": 52 }
        },
        "loc": {
          "start": { "line": 48, "column": 19 },
          "end": { "line": 48, "column": 52 }
        },
        "line": 48
      },
      "4": {
        "name": "handleSubmit",
        "decl": {
          "start": { "line": 62, "column": 23 },
          "end": { "line": 66, "column": 4 }
        },
        "loc": {
          "start": { "line": 62, "column": 23 },
          "end": { "line": 66, "column": 4 }
        },
        "line": 62
      },
      "5": {
        "name": "handleRetry",
        "decl": {
          "start": { "line": 68, "column": 22 },
          "end": { "line": 74, "column": 4 }
        },
        "loc": {
          "start": { "line": 68, "column": 22 },
          "end": { "line": 74, "column": 4 }
        },
        "line": 68
      },
      "6": {
        "name": "goPage",
        "decl": {
          "start": { "line": 76, "column": 17 },
          "end": { "line": 78, "column": 4 }
        },
        "loc": {
          "start": { "line": 76, "column": 17 },
          "end": { "line": 78, "column": 4 }
        },
        "line": 76
      },
      "7": {
        "name": "onInputChange",
        "decl": {
          "start": { "line": 84, "column": 23 },
          "end": { "line": 84, "column": 55 }
        },
        "loc": {
          "start": { "line": 84, "column": 23 },
          "end": { "line": 84, "column": 55 }
        },
        "line": 84
      },
      "8": {
        "name": "onClick",
        "decl": {
          "start": { "line": 105, "column": 21 },
          "end": { "line": 105, "column": 49 }
        },
        "loc": {
          "start": { "line": 105, "column": 21 },
          "end": { "line": 105, "column": 49 }
        },
        "line": 105
      },
      "9": {
        "name": "onClick",
        "decl": {
          "start": { "line": 112, "column": 21 },
          "end": { "line": 112, "column": 49 }
        },
        "loc": {
          "start": { "line": 112, "column": 21 },
          "end": { "line": 112, "column": 49 }
        },
        "line": 112
      },
      "10": {
        "name": "onClick",
        "decl": {
          "start": { "line": 123, "column": 19 },
          "end": { "line": 123, "column": 77 }
        },
        "loc": {
          "start": { "line": 123, "column": 19 },
          "end": { "line": 123, "column": 77 }
        },
        "line": 123
      },
      "11": {
        "name": "onClick",
        "decl": {
          "start": { "line": 129, "column": 21 },
          "end": { "line": 130, "column": 74 }
        },
        "loc": {
          "start": { "line": 129, "column": 21 },
          "end": { "line": 130, "column": 74 }
        },
        "line": 129
      },
      "12": {
        "name": "onClick",
        "decl": {
          "start": { "line": 138, "column": 48 },
          "end": { "line": 138, "column": 70 }
        },
        "loc": {
          "start": { "line": 138, "column": 48 },
          "end": { "line": 138, "column": 70 }
        },
        "line": 138
      }
    },
    "f": {
      "0": 40,
      "1": 7,
      "2": 8,
      "3": 12,
      "4": 4,
      "5": 1,
      "6": 1,
      "7": 4,
      "8": 0,
      "9": 1,
      "10": 1,
      "11": 1,
      "12": 0
    }
  },
  "/Users/tatanapulatova/RS-React/src/card/PokemonCard.tsx": {
    "path": "/Users/tatanapulatova/RS-React/src/card/PokemonCard.tsx",
    "all": false,
    "statementMap": {
      "0": {
        "start": { "line": 1, "column": 0 },
        "end": { "line": 1, "column": 8 }
      },
      "6": {
        "start": { "line": 7, "column": 0 },
        "end": { "line": 7, "column": 38 }
      },
      "7": {
        "start": { "line": 8, "column": 0 },
        "end": { "line": 8, "column": 59 }
      },
      "9": {
        "start": { "line": 10, "column": 0 },
        "end": { "line": 10, "column": 46 }
      },
      "10": {
        "start": { "line": 11, "column": 0 },
        "end": { "line": 11, "column": 7 }
      },
      "11": {
        "start": { "line": 12, "column": 0 },
        "end": { "line": 12, "column": 26 }
      },
      "12": {
        "start": { "line": 13, "column": 0 },
        "end": { "line": 13, "column": 11 }
      },
      "13": {
        "start": { "line": 14, "column": 0 },
        "end": { "line": 14, "column": 20 }
      },
      "14": {
        "start": { "line": 15, "column": 0 },
        "end": { "line": 15, "column": 3 }
      },
      "15": {
        "start": { "line": 16, "column": 0 },
        "end": { "line": 16, "column": 1 }
      },
      "17": {
        "start": { "line": 18, "column": 0 },
        "end": { "line": 18, "column": 54 }
      },
      "18": {
        "start": { "line": 19, "column": 0 },
        "end": { "line": 19, "column": 7 }
      },
      "19": {
        "start": { "line": 20, "column": 0 },
        "end": { "line": 20, "column": 31 }
      },
      "20": {
        "start": { "line": 21, "column": 0 },
        "end": { "line": 21, "column": 34 }
      },
      "21": {
        "start": { "line": 22, "column": 0 },
        "end": { "line": 22, "column": 11 }
      },
      "22": {
        "start": { "line": 23, "column": 0 },
        "end": { "line": 23, "column": 26 }
      },
      "23": {
        "start": { "line": 24, "column": 0 },
        "end": { "line": 24, "column": 3 }
      },
      "24": {
        "start": { "line": 25, "column": 0 },
        "end": { "line": 25, "column": 1 }
      },
      "26": {
        "start": { "line": 27, "column": 0 },
        "end": { "line": 27, "column": 79 }
      },
      "27": {
        "start": { "line": 28, "column": 0 },
        "end": { "line": 28, "column": 37 }
      },
      "28": {
        "start": { "line": 29, "column": 0 },
        "end": { "line": 29, "column": 39 }
      },
      "29": {
        "start": { "line": 30, "column": 0 },
        "end": { "line": 30, "column": 62 }
      },
      "30": {
        "start": { "line": 31, "column": 0 },
        "end": { "line": 31, "column": 62 }
      },
      "31": {
        "start": { "line": 32, "column": 0 },
        "end": { "line": 32, "column": 25 }
      },
      "32": {
        "start": { "line": 33, "column": 0 },
        "end": { "line": 33, "column": 50 }
      },
      "33": {
        "start": { "line": 34, "column": 0 },
        "end": { "line": 34, "column": 4 }
      },
      "35": {
        "start": { "line": 36, "column": 0 },
        "end": { "line": 36, "column": 10 }
      },
      "36": {
        "start": { "line": 37, "column": 0 },
        "end": { "line": 37, "column": 49 }
      },
      "37": {
        "start": { "line": 38, "column": 0 },
        "end": { "line": 38, "column": 10 }
      },
      "38": {
        "start": { "line": 39, "column": 0 },
        "end": { "line": 39, "column": 14 }
      },
      "39": {
        "start": { "line": 40, "column": 0 },
        "end": { "line": 40, "column": 30 }
      },
      "40": {
        "start": { "line": 41, "column": 0 },
        "end": { "line": 41, "column": 25 }
      },
      "41": {
        "start": { "line": 42, "column": 0 },
        "end": { "line": 42, "column": 28 }
      },
      "42": {
        "start": { "line": 43, "column": 0 },
        "end": { "line": 43, "column": 46 }
      },
      "43": {
        "start": { "line": 44, "column": 0 },
        "end": { "line": 44, "column": 62 }
      },
      "44": {
        "start": { "line": 45, "column": 0 },
        "end": { "line": 45, "column": 10 }
      },
      "45": {
        "start": { "line": 46, "column": 0 },
        "end": { "line": 46, "column": 11 }
      },
      "46": {
        "start": { "line": 47, "column": 0 },
        "end": { "line": 47, "column": 52 }
      },
      "47": {
        "start": { "line": 48, "column": 0 },
        "end": { "line": 48, "column": 14 }
      },
      "48": {
        "start": { "line": 49, "column": 0 },
        "end": { "line": 49, "column": 11 }
      },
      "49": {
        "start": { "line": 50, "column": 0 },
        "end": { "line": 50, "column": 59 }
      },
      "50": {
        "start": { "line": 51, "column": 0 },
        "end": { "line": 51, "column": 21 }
      },
      "51": {
        "start": { "line": 52, "column": 0 },
        "end": { "line": 52, "column": 11 }
      },
      "52": {
        "start": { "line": 53, "column": 0 },
        "end": { "line": 53, "column": 9 }
      },
      "54": {
        "start": { "line": 55, "column": 0 },
        "end": { "line": 55, "column": 1 }
      }
    },
    "s": {
      "0": 1,
      "6": 1,
      "7": 1,
      "9": 34,
      "10": 34,
      "11": 34,
      "12": 34,
      "13": 6,
      "14": 6,
      "15": 34,
      "17": 34,
      "18": 34,
      "19": 34,
      "20": 34,
      "21": 34,
      "22": 6,
      "23": 6,
      "24": 34,
      "26": 1,
      "27": 34,
      "28": 34,
      "29": 34,
      "30": 34,
      "31": 34,
      "32": 2,
      "33": 2,
      "35": 34,
      "36": 34,
      "37": 34,
      "38": 34,
      "39": 34,
      "40": 34,
      "41": 34,
      "42": 34,
      "43": 34,
      "44": 34,
      "45": 34,
      "46": 34,
      "47": 34,
      "48": 34,
      "49": 34,
      "50": 34,
      "51": 34,
      "52": 34,
      "54": 34
    },
    "branchMap": {
      "0": {
        "type": "branch",
        "line": 10,
        "loc": {
          "start": { "line": 10, "column": 0 },
          "end": { "line": 16, "column": 1 }
        },
        "locations": [
          {
            "start": { "line": 10, "column": 0 },
            "end": { "line": 16, "column": 1 }
          }
        ]
      },
      "1": {
        "type": "branch",
        "line": 13,
        "loc": {
          "start": { "line": 13, "column": 2 },
          "end": { "line": 15, "column": 3 }
        },
        "locations": [
          {
            "start": { "line": 13, "column": 2 },
            "end": { "line": 15, "column": 3 }
          }
        ]
      },
      "2": {
        "type": "branch",
        "line": 18,
        "loc": {
          "start": { "line": 18, "column": 0 },
          "end": { "line": 25, "column": 1 }
        },
        "locations": [
          {
            "start": { "line": 18, "column": 0 },
            "end": { "line": 25, "column": 1 }
          }
        ]
      },
      "3": {
        "type": "branch",
        "line": 22,
        "loc": {
          "start": { "line": 22, "column": 2 },
          "end": { "line": 24, "column": 3 }
        },
        "locations": [
          {
            "start": { "line": 22, "column": 2 },
            "end": { "line": 24, "column": 3 }
          }
        ]
      },
      "4": {
        "type": "branch",
        "line": 27,
        "loc": {
          "start": { "line": 27, "column": 7 },
          "end": { "line": 55, "column": 1 }
        },
        "locations": [
          {
            "start": { "line": 27, "column": 7 },
            "end": { "line": 55, "column": 1 }
          }
        ]
      },
      "5": {
        "type": "branch",
        "line": 30,
        "loc": {
          "start": { "line": 30, "column": 39 },
          "end": { "line": 30, "column": 60 }
        },
        "locations": [
          {
            "start": { "line": 30, "column": 39 },
            "end": { "line": 30, "column": 60 }
          }
        ]
      },
      "6": {
        "type": "branch",
        "line": 31,
        "loc": {
          "start": { "line": 31, "column": 35 },
          "end": { "line": 31, "column": 60 }
        },
        "locations": [
          {
            "start": { "line": 31, "column": 35 },
            "end": { "line": 31, "column": 60 }
          }
        ]
      },
      "7": {
        "type": "branch",
        "line": 32,
        "loc": {
          "start": { "line": 32, "column": 18 },
          "end": { "line": 34, "column": 4 }
        },
        "locations": [
          {
            "start": { "line": 32, "column": 18 },
            "end": { "line": 34, "column": 4 }
          }
        ]
      },
      "8": {
        "type": "branch",
        "line": 43,
        "loc": {
          "start": { "line": 43, "column": 19 },
          "end": { "line": 43, "column": 46 }
        },
        "locations": [
          {
            "start": { "line": 43, "column": 19 },
            "end": { "line": 43, "column": 46 }
          }
        ]
      },
      "9": {
        "type": "branch",
        "line": 44,
        "loc": {
          "start": { "line": 44, "column": 20 },
          "end": { "line": 44, "column": 62 }
        },
        "locations": [
          {
            "start": { "line": 44, "column": 20 },
            "end": { "line": 44, "column": 62 }
          }
        ]
      }
    },
    "b": {
      "0": [34],
      "1": [6],
      "2": [34],
      "3": [6],
      "4": [34],
      "5": [103],
      "6": [103],
      "7": [2],
      "8": [1],
      "9": [1]
    },
    "fnMap": {
      "0": {
        "name": "useSaveNavigate",
        "decl": {
          "start": { "line": 10, "column": 0 },
          "end": { "line": 16, "column": 1 }
        },
        "loc": {
          "start": { "line": 10, "column": 0 },
          "end": { "line": 16, "column": 1 }
        },
        "line": 10
      },
      "1": {
        "name": "useSafeLocation",
        "decl": {
          "start": { "line": 18, "column": 0 },
          "end": { "line": 25, "column": 1 }
        },
        "loc": {
          "start": { "line": 18, "column": 0 },
          "end": { "line": 25, "column": 1 }
        },
        "line": 18
      },
      "2": {
        "name": "PokemonCardRow",
        "decl": {
          "start": { "line": 27, "column": 7 },
          "end": { "line": 55, "column": 1 }
        },
        "loc": {
          "start": { "line": 27, "column": 7 },
          "end": { "line": 55, "column": 1 }
        },
        "line": 27
      },
      "3": {
        "name": "onClick",
        "decl": {
          "start": { "line": 32, "column": 18 },
          "end": { "line": 34, "column": 4 }
        },
        "loc": {
          "start": { "line": 32, "column": 18 },
          "end": { "line": 34, "column": 4 }
        },
        "line": 32
      },
      "4": {
        "name": "onClick",
        "decl": {
          "start": { "line": 43, "column": 19 },
          "end": { "line": 43, "column": 46 }
        },
        "loc": {
          "start": { "line": 43, "column": 19 },
          "end": { "line": 43, "column": 46 }
        },
        "line": 43
      },
      "5": {
        "name": "onChange",
        "decl": {
          "start": { "line": 44, "column": 20 },
          "end": { "line": 44, "column": 62 }
        },
        "loc": {
          "start": { "line": 44, "column": 20 },
          "end": { "line": 44, "column": 62 }
        },
        "line": 44
      }
    },
    "f": { "0": 34, "1": 34, "2": 34, "3": 2, "4": 1, "5": 1 }
  },
  "/Users/tatanapulatova/RS-React/src/components/Footer/Footer.tsx": {
    "path": "/Users/tatanapulatova/RS-React/src/components/Footer/Footer.tsx",
    "all": false,
    "statementMap": {
      "0": {
        "start": { "line": 1, "column": 0 },
        "end": { "line": 1, "column": 22 }
      },
      "2": {
        "start": { "line": 3, "column": 0 },
        "end": { "line": 3, "column": 39 }
      },
      "3": {
        "start": { "line": 4, "column": 0 },
        "end": { "line": 4, "column": 10 }
      },
      "4": {
        "start": { "line": 5, "column": 0 },
        "end": { "line": 5, "column": 31 }
      },
      "5": {
        "start": { "line": 6, "column": 0 },
        "end": { "line": 6, "column": 30 }
      },
      "6": {
        "start": { "line": 7, "column": 0 },
        "end": { "line": 7, "column": 75 }
      },
      "7": {
        "start": { "line": 8, "column": 0 },
        "end": { "line": 8, "column": 54 }
      },
      "8": {
        "start": { "line": 9, "column": 0 },
        "end": { "line": 9, "column": 12 }
      },
      "9": {
        "start": { "line": 10, "column": 0 },
        "end": { "line": 10, "column": 36 }
      },
      "10": {
        "start": { "line": 11, "column": 0 },
        "end": { "line": 11, "column": 30 }
      },
      "11": {
        "start": { "line": 12, "column": 0 },
        "end": { "line": 12, "column": 68 }
      },
      "12": {
        "start": { "line": 13, "column": 0 },
        "end": { "line": 13, "column": 65 }
      },
      "13": {
        "start": { "line": 14, "column": 0 },
        "end": { "line": 14, "column": 12 }
      },
      "14": {
        "start": { "line": 15, "column": 0 },
        "end": { "line": 15, "column": 13 }
      },
      "16": {
        "start": { "line": 17, "column": 0 },
        "end": { "line": 17, "column": 2 }
      }
    },
    "s": {
      "0": 1,
      "2": 1,
      "3": 4,
      "4": 4,
      "5": 4,
      "6": 4,
      "7": 4,
      "8": 4,
      "9": 4,
      "10": 4,
      "11": 4,
      "12": 4,
      "13": 4,
      "14": 4,
      "16": 4
    },
    "branchMap": {
      "0": {
        "type": "branch",
        "line": 3,
        "loc": {
          "start": { "line": 3, "column": 32 },
          "end": { "line": 17, "column": 2 }
        },
        "locations": [
          {
            "start": { "line": 3, "column": 32 },
            "end": { "line": 17, "column": 2 }
          }
        ]
      }
    },
    "b": { "0": [4] },
    "fnMap": {
      "0": {
        "name": "Footer",
        "decl": {
          "start": { "line": 3, "column": 32 },
          "end": { "line": 17, "column": 2 }
        },
        "loc": {
          "start": { "line": 3, "column": 32 },
          "end": { "line": 17, "column": 2 }
        },
        "line": 3
      }
    },
    "f": { "0": 4 }
  },
  "/Users/tatanapulatova/RS-React/src/components/Header/Header.tsx": {
    "path": "/Users/tatanapulatova/RS-React/src/components/Header/Header.tsx",
    "all": false,
    "statementMap": {
      "0": {
        "start": { "line": 1, "column": 0 },
        "end": { "line": 1, "column": 39 }
      },
      "1": {
        "start": { "line": 2, "column": 0 },
        "end": { "line": 2, "column": 54 }
      },
      "2": {
        "start": { "line": 3, "column": 0 },
        "end": { "line": 3, "column": 22 }
      },
      "4": {
        "start": { "line": 5, "column": 0 },
        "end": { "line": 5, "column": 39 }
      },
      "5": {
        "start": { "line": 6, "column": 0 },
        "end": { "line": 6, "column": 44 }
      },
      "7": {
        "start": { "line": 8, "column": 0 },
        "end": { "line": 8, "column": 10 }
      },
      "8": {
        "start": { "line": 9, "column": 0 },
        "end": { "line": 9, "column": 31 }
      },
      "9": {
        "start": { "line": 10, "column": 0 },
        "end": { "line": 10, "column": 35 }
      },
      "10": {
        "start": { "line": 11, "column": 0 },
        "end": { "line": 11, "column": 72 }
      },
      "11": {
        "start": { "line": 12, "column": 0 },
        "end": { "line": 12, "column": 50 }
      },
      "12": {
        "start": { "line": 13, "column": 0 },
        "end": { "line": 13, "column": 12 }
      },
      "13": {
        "start": { "line": 14, "column": 0 },
        "end": { "line": 14, "column": 61 }
      },
      "14": {
        "start": { "line": 15, "column": 0 },
        "end": { "line": 15, "column": 52 }
      },
      "15": {
        "start": { "line": 16, "column": 0 },
        "end": { "line": 16, "column": 15 }
      },
      "16": {
        "start": { "line": 17, "column": 0 },
        "end": { "line": 17, "column": 34 }
      },
      "17": {
        "start": { "line": 18, "column": 0 },
        "end": { "line": 18, "column": 34 }
      },
      "18": {
        "start": { "line": 19, "column": 0 },
        "end": { "line": 19, "column": 36 }
      },
      "19": {
        "start": { "line": 20, "column": 0 },
        "end": { "line": 20, "column": 55 }
      },
      "20": {
        "start": { "line": 21, "column": 0 },
        "end": { "line": 21, "column": 26 }
      },
      "21": {
        "start": { "line": 22, "column": 0 },
        "end": { "line": 22, "column": 17 }
      },
      "22": {
        "start": { "line": 23, "column": 0 },
        "end": { "line": 23, "column": 13 }
      },
      "23": {
        "start": { "line": 24, "column": 0 },
        "end": { "line": 24, "column": 13 }
      },
      "24": {
        "start": { "line": 25, "column": 0 },
        "end": { "line": 25, "column": 12 }
      },
      "25": {
        "start": { "line": 26, "column": 0 },
        "end": { "line": 26, "column": 13 }
      },
      "27": {
        "start": { "line": 28, "column": 0 },
        "end": { "line": 28, "column": 2 }
      }
    },
    "s": {
      "0": 1,
      "1": 1,
      "2": 1,
      "4": 1,
      "5": 5,
      "7": 5,
      "8": 5,
      "9": 5,
      "10": 5,
      "11": 5,
      "12": 5,
      "13": 5,
      "14": 5,
      "15": 5,
      "16": 5,
      "17": 5,
      "18": 5,
      "19": 10,
      "20": 10,
      "21": 10,
      "22": 5,
      "23": 5,
      "24": 5,
      "25": 5,
      "27": 5
    },
    "branchMap": {
      "0": {
        "type": "branch",
        "line": 5,
        "loc": {
          "start": { "line": 5, "column": 32 },
          "end": { "line": 28, "column": 2 }
        },
        "locations": [
          {
            "start": { "line": 5, "column": 32 },
            "end": { "line": 28, "column": 2 }
          }
        ]
      },
      "1": {
        "type": "branch",
        "line": 15,
        "loc": {
          "start": { "line": 15, "column": 29 },
          "end": { "line": 15, "column": 52 }
        },
        "locations": [
          {
            "start": { "line": 15, "column": 29 },
            "end": { "line": 15, "column": 52 }
          }
        ]
      },
      "2": {
        "type": "branch",
        "line": 19,
        "loc": {
          "start": { "line": 19, "column": 25 },
          "end": { "line": 22, "column": 17 }
        },
        "locations": [
          {
            "start": { "line": 19, "column": 25 },
            "end": { "line": 22, "column": 17 }
          }
        ]
      }
    },
    "b": { "0": [5], "1": [0], "2": [10] },
    "fnMap": {
      "0": {
        "name": "Header",
        "decl": {
          "start": { "line": 5, "column": 32 },
          "end": { "line": 28, "column": 2 }
        },
        "loc": {
          "start": { "line": 5, "column": 32 },
          "end": { "line": 28, "column": 2 }
        },
        "line": 5
      }
    },
    "f": { "0": 5 }
  },
  "/Users/tatanapulatova/RS-React/src/components/Header/NavItems.tsx": {
    "path": "/Users/tatanapulatova/RS-React/src/components/Header/NavItems.tsx",
    "all": false,
    "statementMap": {
      "0": {
        "start": { "line": 1, "column": 0 },
        "end": { "line": 1, "column": 40 }
      },
      "1": {
        "start": { "line": 2, "column": 0 },
        "end": { "line": 2, "column": 41 }
      },
      "3": {
        "start": { "line": 4, "column": 0 },
        "end": { "line": 4, "column": 26 }
      },
      "4": {
        "start": { "line": 5, "column": 0 },
        "end": { "line": 5, "column": 64 }
      },
      "5": {
        "start": { "line": 6, "column": 0 },
        "end": { "line": 6, "column": 67 }
      },
      "6": {
        "start": { "line": 7, "column": 0 },
        "end": { "line": 7, "column": 2 }
      }
    },
    "s": { "0": 1, "1": 1, "3": 1, "4": 1, "5": 1, "6": 1 },
    "branchMap": {},
    "b": {},
    "fnMap": {},
    "f": {}
  },
  "/Users/tatanapulatova/RS-React/src/components/MasterDetail/MasterDetail.tsx": {
    "path": "/Users/tatanapulatova/RS-React/src/components/MasterDetail/MasterDetail.tsx",
    "all": false,
    "statementMap": {
      "0": {
        "start": { "line": 1, "column": 0 },
        "end": { "line": 1, "column": 71 }
      },
      "1": {
        "start": { "line": 2, "column": 0 },
        "end": { "line": 2, "column": 49 }
      },
      "2": {
        "start": { "line": 3, "column": 0 },
        "end": { "line": 3, "column": 59 }
      },
      "4": {
        "start": { "line": 5, "column": 0 },
        "end": { "line": 5, "column": 28 }
      },
      "5": {
        "start": { "line": 6, "column": 0 },
        "end": { "line": 6, "column": 41 }
      },
      "7": {
        "start": { "line": 8, "column": 0 },
        "end": { "line": 8, "column": 40 }
      },
      "8": {
        "start": { "line": 9, "column": 0 },
        "end": { "line": 9, "column": 49 }
      },
      "9": {
        "start": { "line": 10, "column": 0 },
        "end": { "line": 10, "column": 31 }
      },
      "10": {
        "start": { "line": 11, "column": 0 },
        "end": { "line": 11, "column": 33 }
      },
      "11": {
        "start": { "line": 12, "column": 0 },
        "end": { "line": 12, "column": 35 }
      },
      "13": {
        "start": { "line": 14, "column": 0 },
        "end": { "line": 14, "column": 55 }
      },
      "18": {
        "start": { "line": 19, "column": 0 },
        "end": { "line": 19, "column": 5 }
      },
      "19": {
        "start": { "line": 20, "column": 0 },
        "end": { "line": 20, "column": 43 }
      },
      "20": {
        "start": { "line": 21, "column": 0 },
        "end": { "line": 21, "column": 49 }
      },
      "21": {
        "start": { "line": 22, "column": 0 },
        "end": { "line": 22, "column": 30 }
      },
      "22": {
        "start": { "line": 23, "column": 0 },
        "end": { "line": 23, "column": 29 }
      },
      "23": {
        "start": { "line": 24, "column": 0 },
        "end": { "line": 24, "column": 5 }
      },
      "25": {
        "start": { "line": 26, "column": 0 },
        "end": { "line": 26, "column": 18 }
      },
      "26": {
        "start": { "line": 27, "column": 0 },
        "end": { "line": 27, "column": 12 }
      },
      "27": {
        "start": { "line": 28, "column": 0 },
        "end": { "line": 28, "column": 42 }
      },
      "28": {
        "start": { "line": 29, "column": 0 },
        "end": { "line": 29, "column": 40 }
      },
      "29": {
        "start": { "line": 30, "column": 0 },
        "end": { "line": 30, "column": 12 }
      },
      "31": {
        "start": { "line": 32, "column": 0 },
        "end": { "line": 32, "column": 3 }
      },
      "33": {
        "start": { "line": 34, "column": 0 },
        "end": { "line": 34, "column": 16 }
      },
      "34": {
        "start": { "line": 35, "column": 0 },
        "end": { "line": 35, "column": 56 }
      },
      "35": {
        "start": { "line": 36, "column": 0 },
        "end": { "line": 36, "column": 3 }
      },
      "37": {
        "start": { "line": 38, "column": 0 },
        "end": { "line": 38, "column": 14 }
      },
      "38": {
        "start": { "line": 39, "column": 0 },
        "end": { "line": 39, "column": 40 }
      },
      "39": {
        "start": { "line": 40, "column": 0 },
        "end": { "line": 40, "column": 3 }
      },
      "41": {
        "start": { "line": 42, "column": 0 },
        "end": { "line": 42, "column": 10 }
      },
      "42": {
        "start": { "line": 43, "column": 0 },
        "end": { "line": 43, "column": 33 }
      },
      "43": {
        "start": { "line": 44, "column": 0 },
        "end": { "line": 44, "column": 34 }
      },
      "44": {
        "start": { "line": 45, "column": 0 },
        "end": { "line": 45, "column": 73 }
      },
      "45": {
        "start": { "line": 46, "column": 0 },
        "end": { "line": 46, "column": 15 }
      },
      "46": {
        "start": { "line": 47, "column": 0 },
        "end": { "line": 47, "column": 34 }
      },
      "47": {
        "start": { "line": 48, "column": 0 },
        "end": { "line": 48, "column": 79 }
      },
      "48": {
        "start": { "line": 49, "column": 0 },
        "end": { "line": 49, "column": 9 }
      },
      "50": {
        "start": { "line": 51, "column": 0 },
        "end": { "line": 51, "column": 17 }
      },
      "51": {
        "start": { "line": 52, "column": 0 },
        "end": { "line": 52, "column": 12 }
      },
      "53": {
        "start": { "line": 54, "column": 0 },
        "end": { "line": 54, "column": 50 }
      },
      "54": {
        "start": { "line": 55, "column": 0 },
        "end": { "line": 55, "column": 62 }
      },
      "56": {
        "start": { "line": 57, "column": 0 },
        "end": { "line": 57, "column": 47 }
      },
      "57": {
        "start": { "line": 58, "column": 0 },
        "end": { "line": 58, "column": 38 }
      },
      "58": {
        "start": { "line": 59, "column": 0 },
        "end": { "line": 59, "column": 47 }
      },
      "59": {
        "start": { "line": 60, "column": 0 },
        "end": { "line": 60, "column": 36 }
      },
      "60": {
        "start": { "line": 61, "column": 0 },
        "end": { "line": 61, "column": 36 }
      },
      "61": {
        "start": { "line": 62, "column": 0 },
        "end": { "line": 62, "column": 48 }
      },
      "62": {
        "start": { "line": 63, "column": 0 },
        "end": { "line": 63, "column": 19 }
      },
      "63": {
        "start": { "line": 64, "column": 0 },
        "end": { "line": 64, "column": 19 }
      },
      "64": {
        "start": { "line": 65, "column": 0 },
        "end": { "line": 65, "column": 15 }
      },
      "65": {
        "start": { "line": 66, "column": 0 },
        "end": { "line": 66, "column": 15 }
      },
      "66": {
        "start": { "line": 67, "column": 0 },
        "end": { "line": 67, "column": 14 }
      },
      "68": {
        "start": { "line": 69, "column": 0 },
        "end": { "line": 69, "column": 38 }
      },
      "69": {
        "start": { "line": 70, "column": 0 },
        "end": { "line": 70, "column": 51 }
      },
      "70": {
        "start": { "line": 71, "column": 0 },
        "end": { "line": 71, "column": 36 }
      },
      "71": {
        "start": { "line": 72, "column": 0 },
        "end": { "line": 72, "column": 40 }
      },
      "72": {
        "start": { "line": 73, "column": 0 },
        "end": { "line": 73, "column": 48 }
      },
      "73": {
        "start": { "line": 74, "column": 0 },
        "end": { "line": 74, "column": 19 }
      },
      "74": {
        "start": { "line": 75, "column": 0 },
        "end": { "line": 75, "column": 19 }
      },
      "75": {
        "start": { "line": 76, "column": 0 },
        "end": { "line": 76, "column": 15 }
      },
      "76": {
        "start": { "line": 77, "column": 0 },
        "end": { "line": 77, "column": 15 }
      },
      "77": {
        "start": { "line": 78, "column": 0 },
        "end": { "line": 78, "column": 14 }
      },
      "79": {
        "start": { "line": 80, "column": 0 },
        "end": { "line": 80, "column": 38 }
      },
      "80": {
        "start": { "line": 81, "column": 0 },
        "end": { "line": 81, "column": 47 }
      },
      "81": {
        "start": { "line": 82, "column": 0 },
        "end": { "line": 82, "column": 36 }
      },
      "82": {
        "start": { "line": 83, "column": 0 },
        "end": { "line": 83, "column": 37 }
      },
      "83": {
        "start": { "line": 84, "column": 0 },
        "end": { "line": 84, "column": 54 }
      },
      "84": {
        "start": { "line": 85, "column": 0 },
        "end": { "line": 85, "column": 37 }
      },
      "85": {
        "start": { "line": 86, "column": 0 },
        "end": { "line": 86, "column": 19 }
      },
      "86": {
        "start": { "line": 87, "column": 0 },
        "end": { "line": 87, "column": 15 }
      },
      "87": {
        "start": { "line": 88, "column": 0 },
        "end": { "line": 88, "column": 15 }
      },
      "88": {
        "start": { "line": 89, "column": 0 },
        "end": { "line": 89, "column": 14 }
      },
      "89": {
        "start": { "line": 90, "column": 0 },
        "end": { "line": 90, "column": 12 }
      },
      "90": {
        "start": { "line": 91, "column": 0 },
        "end": { "line": 91, "column": 10 }
      },
      "92": {
        "start": { "line": 93, "column": 0 },
        "end": { "line": 93, "column": 2 }
      }
    },
    "s": {
      "0": 1,
      "1": 1,
      "2": 1,
      "4": 1,
      "5": 1,
      "7": 1,
      "8": 5,
      "9": 5,
      "10": 5,
      "11": 5,
      "13": 5,
      "18": 5,
      "19": 5,
      "20": 5,
      "21": 5,
      "22": 5,
      "23": 5,
      "25": 5,
      "26": 3,
      "27": 3,
      "28": 3,
      "29": 3,
      "31": 3,
      "33": 5,
      "34": 1,
      "35": 1,
      "37": 5,
      "38": 0,
      "39": 0,
      "41": 1,
      "42": 1,
      "43": 1,
      "44": 1,
      "45": 1,
      "46": 1,
      "47": 1,
      "48": 1,
      "50": 1,
      "51": 1,
      "53": 1,
      "54": 1,
      "56": 1,
      "57": 1,
      "58": 1,
      "59": 1,
      "60": 1,
      "61": 1,
      "62": 1,
      "63": 1,
      "64": 1,
      "65": 1,
      "66": 1,
      "68": 1,
      "69": 1,
      "70": 1,
      "71": 1,
      "72": 2,
      "73": 2,
      "74": 2,
      "75": 1,
      "76": 1,
      "77": 1,
      "79": 1,
      "80": 1,
      "81": 1,
      "82": 1,
      "83": 2,
      "84": 2,
      "85": 2,
      "86": 1,
      "87": 1,
      "88": 1,
      "89": 1,
      "90": 1,
      "92": 1
    },
    "branchMap": {
      "0": {
        "type": "branch",
        "line": 8,
        "loc": {
          "start": { "line": 8, "column": 33 },
          "end": { "line": 93, "column": 2 }
        },
        "locations": [
          {
            "start": { "line": 8, "column": 33 },
            "end": { "line": 93, "column": 2 }
          }
        ]
      },
      "1": {
        "type": "branch",
        "line": 10,
        "loc": {
          "start": { "line": 10, "column": 20 },
          "end": { "line": 10, "column": 31 }
        },
        "locations": [
          {
            "start": { "line": 10, "column": 20 },
            "end": { "line": 10, "column": 31 }
          }
        ]
      },
      "2": {
        "type": "branch",
        "line": 26,
        "loc": {
          "start": { "line": 26, "column": 17 },
          "end": { "line": 32, "column": 3 }
        },
        "locations": [
          {
            "start": { "line": 26, "column": 17 },
            "end": { "line": 32, "column": 3 }
          }
        ]
      },
      "3": {
        "type": "branch",
        "line": 32,
        "loc": {
          "start": { "line": 32, "column": 2 },
          "end": { "line": 34, "column": 15 }
        },
        "locations": [
          {
            "start": { "line": 32, "column": 2 },
            "end": { "line": 34, "column": 15 }
          }
        ]
      },
      "4": {
        "type": "branch",
        "line": 34,
        "loc": {
          "start": { "line": 34, "column": 15 },
          "end": { "line": 38, "column": 13 }
        },
        "locations": [
          {
            "start": { "line": 34, "column": 15 },
            "end": { "line": 38, "column": 13 }
          }
        ]
      },
      "5": {
        "type": "branch",
        "line": 38,
        "loc": {
          "start": { "line": 38, "column": 13 },
          "end": { "line": 40, "column": 3 }
        },
        "locations": [
          {
            "start": { "line": 38, "column": 13 },
            "end": { "line": 40, "column": 3 }
          }
        ]
      },
      "6": {
        "type": "branch",
        "line": 40,
        "loc": {
          "start": { "line": 40, "column": 2 },
          "end": { "line": 93, "column": 2 }
        },
        "locations": [
          {
            "start": { "line": 40, "column": 2 },
            "end": { "line": 93, "column": 2 }
          }
        ]
      },
      "7": {
        "type": "branch",
        "line": 21,
        "loc": {
          "start": { "line": 21, "column": 13 },
          "end": { "line": 21, "column": 49 }
        },
        "locations": [
          {
            "start": { "line": 21, "column": 13 },
            "end": { "line": 21, "column": 49 }
          }
        ]
      },
      "8": {
        "type": "branch",
        "line": 61,
        "loc": {
          "start": { "line": 61, "column": 28 },
          "end": { "line": 64, "column": 19 }
        },
        "locations": [
          {
            "start": { "line": 61, "column": 28 },
            "end": { "line": 64, "column": 19 }
          }
        ]
      },
      "9": {
        "type": "branch",
        "line": 72,
        "loc": {
          "start": { "line": 72, "column": 32 },
          "end": { "line": 75, "column": 19 }
        },
        "locations": [
          {
            "start": { "line": 72, "column": 32 },
            "end": { "line": 75, "column": 19 }
          }
        ]
      },
      "10": {
        "type": "branch",
        "line": 83,
        "loc": {
          "start": { "line": 83, "column": 28 },
          "end": { "line": 86, "column": 19 }
        },
        "locations": [
          {
            "start": { "line": 83, "column": 28 },
            "end": { "line": 86, "column": 19 }
          }
        ]
      }
    },
    "b": {
      "0": [5],
      "1": [0],
      "2": [3],
      "3": [2],
      "4": [1],
      "5": [0],
      "6": [1],
      "7": [3],
      "8": [1],
      "9": [2],
      "10": [2]
    },
    "fnMap": {
      "0": {
        "name": "Details",
        "decl": {
          "start": { "line": 8, "column": 33 },
          "end": { "line": 93, "column": 2 }
        },
        "loc": {
          "start": { "line": 8, "column": 33 },
          "end": { "line": 93, "column": 2 }
        },
        "line": 8
      },
      "1": {
        "name": "queryFn",
        "decl": {
          "start": { "line": 21, "column": 13 },
          "end": { "line": 21, "column": 49 }
        },
        "loc": {
          "start": { "line": 21, "column": 13 },
          "end": { "line": 21, "column": 49 }
        },
        "line": 21
      },
      "2": {
        "name": "onClick",
        "decl": {
          "start": { "line": 48, "column": 19 },
          "end": { "line": 48, "column": 79 }
        },
        "loc": {
          "start": { "line": 48, "column": 19 },
          "end": { "line": 48, "column": 79 }
        },
        "line": 48
      }
    },
    "f": { "0": 5, "1": 3, "2": 0 }
  },
  "/Users/tatanapulatova/RS-React/src/components/SelectionPopup/SelectionPopup.tsx": {
    "path": "/Users/tatanapulatova/RS-React/src/components/SelectionPopup/SelectionPopup.tsx",
    "all": false,
    "statementMap": {
      "0": {
        "start": { "line": 1, "column": 0 },
        "end": { "line": 1, "column": 26 }
      },
      "1": {
        "start": { "line": 2, "column": 0 },
        "end": { "line": 2, "column": 62 }
      },
      "2": {
        "start": { "line": 3, "column": 0 },
        "end": { "line": 3, "column": 30 }
      },
      "4": {
        "start": { "line": 5, "column": 0 },
        "end": { "line": 5, "column": 47 }
      },
      "5": {
        "start": { "line": 6, "column": 0 },
        "end": { "line": 6, "column": 57 }
      },
      "6": {
        "start": { "line": 7, "column": 0 },
        "end": { "line": 7, "column": 54 }
      },
      "8": {
        "start": { "line": 9, "column": 0 },
        "end": { "line": 9, "column": 43 }
      },
      "9": {
        "start": { "line": 10, "column": 0 },
        "end": { "line": 10, "column": 38 }
      },
      "11": {
        "start": { "line": 12, "column": 0 },
        "end": { "line": 12, "column": 29 }
      },
      "12": {
        "start": { "line": 13, "column": 0 },
        "end": { "line": 13, "column": 43 }
      },
      "13": {
        "start": { "line": 14, "column": 0 },
        "end": { "line": 14, "column": 59 }
      },
      "14": {
        "start": { "line": 15, "column": 0 },
        "end": { "line": 15, "column": 33 }
      },
      "15": {
        "start": { "line": 16, "column": 0 },
        "end": { "line": 16, "column": 77 }
      },
      "16": {
        "start": { "line": 17, "column": 0 },
        "end": { "line": 17, "column": 18 }
      },
      "18": {
        "start": { "line": 19, "column": 0 },
        "end": { "line": 19, "column": 71 }
      },
      "19": {
        "start": { "line": 20, "column": 0 },
        "end": { "line": 20, "column": 42 }
      },
      "20": {
        "start": { "line": 21, "column": 0 },
        "end": { "line": 21, "column": 42 }
      },
      "21": {
        "start": { "line": 22, "column": 0 },
        "end": { "line": 22, "column": 17 }
      },
      "22": {
        "start": { "line": 23, "column": 0 },
        "end": { "line": 23, "column": 45 }
      },
      "23": {
        "start": { "line": 24, "column": 0 },
        "end": { "line": 24, "column": 14 }
      },
      "24": {
        "start": { "line": 25, "column": 0 },
        "end": { "line": 25, "column": 22 }
      },
      "25": {
        "start": { "line": 26, "column": 0 },
        "end": { "line": 26, "column": 31 }
      },
      "26": {
        "start": { "line": 27, "column": 0 },
        "end": { "line": 27, "column": 13 }
      },
      "27": {
        "start": { "line": 28, "column": 0 },
        "end": { "line": 28, "column": 4 }
      },
      "29": {
        "start": { "line": 30, "column": 0 },
        "end": { "line": 30, "column": 10 }
      },
      "30": {
        "start": { "line": 31, "column": 0 },
        "end": { "line": 31, "column": 37 }
      },
      "31": {
        "start": { "line": 32, "column": 0 },
        "end": { "line": 32, "column": 51 }
      },
      "32": {
        "start": { "line": 33, "column": 0 },
        "end": { "line": 33, "column": 54 }
      },
      "33": {
        "start": { "line": 34, "column": 0 },
        "end": { "line": 34, "column": 57 }
      },
      "34": {
        "start": { "line": 35, "column": 0 },
        "end": { "line": 35, "column": 10 }
      },
      "36": {
        "start": { "line": 37, "column": 0 },
        "end": { "line": 37, "column": 2 }
      }
    },
    "s": {
      "0": 1,
      "1": 1,
      "2": 1,
      "4": 1,
      "5": 38,
      "6": 38,
      "8": 38,
      "9": 38,
      "11": 3,
      "12": 1,
      "13": 1,
      "14": 1,
      "15": 1,
      "16": 1,
      "18": 1,
      "19": 1,
      "20": 1,
      "21": 1,
      "22": 1,
      "23": 1,
      "24": 1,
      "25": 0,
      "26": 1,
      "27": 1,
      "29": 3,
      "30": 3,
      "31": 3,
      "32": 3,
      "33": 3,
      "34": 3,
      "36": 3
    },
    "branchMap": {
      "0": {
        "type": "branch",
        "line": 5,
        "loc": {
          "start": { "line": 5, "column": 40 },
          "end": { "line": 37, "column": 2 }
        },
        "locations": [
          {
            "start": { "line": 5, "column": 40 },
            "end": { "line": 37, "column": 2 }
          }
        ]
      },
      "1": {
        "type": "branch",
        "line": 10,
        "loc": {
          "start": { "line": 10, "column": 26 },
          "end": { "line": 10, "column": 38 }
        },
        "locations": [
          {
            "start": { "line": 10, "column": 26 },
            "end": { "line": 10, "column": 38 }
          }
        ]
      },
      "2": {
        "type": "branch",
        "line": 10,
        "loc": {
          "start": { "line": 10, "column": 33 },
          "end": { "line": 37, "column": 2 }
        },
        "locations": [
          {
            "start": { "line": 10, "column": 33 },
            "end": { "line": 37, "column": 2 }
          }
        ]
      },
      "3": {
        "type": "branch",
        "line": 6,
        "loc": {
          "start": { "line": 6, "column": 38 },
          "end": { "line": 6, "column": 55 }
        },
        "locations": [
          {
            "start": { "line": 6, "column": 38 },
            "end": { "line": 6, "column": 55 }
          }
        ]
      },
      "4": {
        "type": "branch",
        "line": 7,
        "loc": {
          "start": { "line": 7, "column": 35 },
          "end": { "line": 7, "column": 52 }
        },
        "locations": [
          {
            "start": { "line": 7, "column": 35 },
            "end": { "line": 7, "column": 52 }
          }
        ]
      },
      "5": {
        "type": "branch",
        "line": 12,
        "loc": {
          "start": { "line": 12, "column": 22 },
          "end": { "line": 28, "column": 4 }
        },
        "locations": [
          {
            "start": { "line": 12, "column": 22 },
            "end": { "line": 28, "column": 4 }
          }
        ]
      },
      "6": {
        "type": "branch",
        "line": 14,
        "loc": {
          "start": { "line": 14, "column": 27 },
          "end": { "line": 14, "column": 57 }
        },
        "locations": [
          {
            "start": { "line": 14, "column": 27 },
            "end": { "line": 14, "column": 57 }
          }
        ]
      },
      "7": {
        "type": "branch",
        "line": 16,
        "loc": {
          "start": { "line": 16, "column": 11 },
          "end": { "line": 16, "column": 76 }
        },
        "locations": [
          {
            "start": { "line": 16, "column": 11 },
            "end": { "line": 16, "column": 76 }
          }
        ]
      },
      "8": {
        "type": "branch",
        "line": 16,
        "loc": {
          "start": { "line": 16, "column": 24 },
          "end": { "line": 16, "column": 65 }
        },
        "locations": [
          {
            "start": { "line": 16, "column": 24 },
            "end": { "line": 16, "column": 65 }
          }
        ]
      }
    },
    "b": {
      "0": [38],
      "1": [35],
      "2": [3],
      "3": [115],
      "4": [115],
      "5": [1],
      "6": [1],
      "7": [2],
      "8": [4]
    },
    "fnMap": {
      "0": {
        "name": "SelectionPopup",
        "decl": {
          "start": { "line": 5, "column": 40 },
          "end": { "line": 37, "column": 2 }
        },
        "loc": {
          "start": { "line": 5, "column": 40 },
          "end": { "line": 37, "column": 2 }
        },
        "line": 5
      },
      "1": {
        "name": "downloadCSV",
        "decl": {
          "start": { "line": 12, "column": 22 },
          "end": { "line": 28, "column": 4 }
        },
        "loc": {
          "start": { "line": 12, "column": 22 },
          "end": { "line": 28, "column": 4 }
        },
        "line": 12
      }
    },
    "f": { "0": 38, "1": 1 }
  },
  "/Users/tatanapulatova/RS-React/src/context/ThemeContext.tsx": {
    "path": "/Users/tatanapulatova/RS-React/src/context/ThemeContext.tsx",
    "all": false,
    "statementMap": {
      "0": {
        "start": { "line": 1, "column": 0 },
        "end": { "line": 1, "column": 78 }
      },
      "10": {
        "start": { "line": 11, "column": 0 },
        "end": { "line": 11, "column": 76 }
      },
      "12": {
        "start": { "line": 13, "column": 0 },
        "end": { "line": 13, "column": 66 }
      },
      "13": {
        "start": { "line": 14, "column": 0 },
        "end": { "line": 14, "column": 11 }
      },
      "14": {
        "start": { "line": 15, "column": 0 },
        "end": { "line": 15, "column": 7 }
      },
      "15": {
        "start": { "line": 16, "column": 0 },
        "end": { "line": 16, "column": 51 }
      },
      "16": {
        "start": { "line": 17, "column": 0 },
        "end": { "line": 17, "column": 53 }
      },
      "17": {
        "start": { "line": 18, "column": 0 },
        "end": { "line": 18, "column": 48 }
      },
      "18": {
        "start": { "line": 19, "column": 0 },
        "end": { "line": 19, "column": 5 }
      },
      "20": {
        "start": { "line": 21, "column": 0 },
        "end": { "line": 21, "column": 19 }
      },
      "21": {
        "start": { "line": 22, "column": 0 },
        "end": { "line": 22, "column": 42 }
      },
      "22": {
        "start": { "line": 23, "column": 0 },
        "end": { "line": 23, "column": 64 }
      },
      "23": {
        "start": { "line": 24, "column": 0 },
        "end": { "line": 24, "column": 30 }
      },
      "24": {
        "start": { "line": 25, "column": 0 },
        "end": { "line": 25, "column": 45 }
      },
      "25": {
        "start": { "line": 26, "column": 0 },
        "end": { "line": 26, "column": 14 }
      },
      "27": {
        "start": { "line": 28, "column": 0 },
        "end": { "line": 28, "column": 29 }
      },
      "28": {
        "start": { "line": 29, "column": 0 },
        "end": { "line": 29, "column": 56 }
      },
      "29": {
        "start": { "line": 30, "column": 0 },
        "end": { "line": 30, "column": 4 }
      },
      "31": {
        "start": { "line": 32, "column": 0 },
        "end": { "line": 32, "column": 10 }
      },
      "32": {
        "start": { "line": 33, "column": 0 },
        "end": { "line": 33, "column": 58 }
      },
      "33": {
        "start": { "line": 34, "column": 0 },
        "end": { "line": 34, "column": 16 }
      },
      "34": {
        "start": { "line": 35, "column": 0 },
        "end": { "line": 35, "column": 28 }
      },
      "36": {
        "start": { "line": 37, "column": 0 },
        "end": { "line": 37, "column": 2 }
      },
      "38": {
        "start": { "line": 39, "column": 0 },
        "end": { "line": 39, "column": 46 }
      },
      "39": {
        "start": { "line": 40, "column": 0 },
        "end": { "line": 40, "column": 39 }
      },
      "40": {
        "start": { "line": 41, "column": 0 },
        "end": { "line": 41, "column": 69 }
      },
      "41": {
        "start": { "line": 42, "column": 0 },
        "end": { "line": 42, "column": 13 }
      },
      "42": {
        "start": { "line": 43, "column": 0 },
        "end": { "line": 43, "column": 1 }
      }
    },
    "s": {
      "0": 1,
      "10": 1,
      "12": 1,
      "13": 8,
      "14": 8,
      "15": 8,
      "16": 6,
      "17": 6,
      "18": 8,
      "20": 8,
      "21": 8,
      "22": 8,
      "23": 8,
      "24": 8,
      "25": 8,
      "27": 8,
      "28": 2,
      "29": 2,
      "31": 8,
      "32": 8,
      "33": 8,
      "34": 8,
      "36": 8,
      "38": 1,
      "39": 10,
      "40": 10,
      "41": 8,
      "42": 8
    },
    "branchMap": {
      "0": {
        "type": "branch",
        "line": 13,
        "loc": {
          "start": { "line": 13, "column": 64 },
          "end": { "line": 37, "column": 2 }
        },
        "locations": [
          {
            "start": { "line": 13, "column": 64 },
            "end": { "line": 37, "column": 2 }
          }
        ]
      },
      "1": {
        "type": "branch",
        "line": 16,
        "loc": {
[...]
        "end": { "line": 48, "column": 41 }
      },
      "48": {
        "start": { "line": 49, "column": 0 },
        "end": { "line": 49, "column": 30 }
      },
      "49": {
        "start": { "line": 50, "column": 0 },
        "end": { "line": 50, "column": 45 }
      },
      "50": {
        "start": { "line": 51, "column": 0 },
        "end": { "line": 51, "column": 55 }
      },
      "51": {
        "start": { "line": 52, "column": 0 },
        "end": { "line": 52, "column": 33 }
      },
      "52": {
        "start": { "line": 53, "column": 0 },
        "end": { "line": 53, "column": 60 }
      },
      "53": {
        "start": { "line": 54, "column": 0 },
        "end": { "line": 54, "column": 10 }
      },
      "54": {
        "start": { "line": 55, "column": 0 },
        "end": { "line": 55, "column": 14 }
      },
      "55": {
        "start": { "line": 56, "column": 0 },
        "end": { "line": 56, "column": 63 }
      },
      "56": {
        "start": { "line": 57, "column": 0 },
        "end": { "line": 57, "column": 21 }
      },
      "57": {
        "start": { "line": 58, "column": 0 },
        "end": { "line": 58, "column": 7 }
      },
      "58": {
        "start": { "line": 59, "column": 0 },
        "end": { "line": 59, "column": 29 }
      },
      "59": {
        "start": { "line": 60, "column": 0 },
        "end": { "line": 60, "column": 17 }
      },
      "60": {
        "start": { "line": 61, "column": 0 },
        "end": { "line": 61, "column": 65 }
      },
      "61": {
        "start": { "line": 62, "column": 0 },
        "end": { "line": 62, "column": 15 }
      },
      "62": {
        "start": { "line": 63, "column": 0 },
        "end": { "line": 63, "column": 30 }
      },
      "63": {
        "start": { "line": 64, "column": 0 },
        "end": { "line": 64, "column": 5 }
      },
      "64": {
        "start": { "line": 65, "column": 0 },
        "end": { "line": 65, "column": 4 }
      },
      "66": {
        "start": { "line": 67, "column": 0 },
        "end": { "line": 67, "column": 24 }
      },
      "67": {
        "start": { "line": 68, "column": 0 },
        "end": { "line": 68, "column": 31 }
      },
      "68": {
        "start": { "line": 69, "column": 0 },
        "end": { "line": 69, "column": 22 }
      },
      "69": {
        "start": { "line": 70, "column": 0 },
        "end": { "line": 70, "column": 40 }
      },
      "70": {
        "start": { "line": 71, "column": 0 },
        "end": { "line": 71, "column": 57 }
      },
      "71": {
        "start": { "line": 72, "column": 0 },
        "end": { "line": 72, "column": 8 }
      },
      "72": {
        "start": { "line": 73, "column": 0 },
        "end": { "line": 73, "column": 32 }
      },
      "73": {
        "start": { "line": 74, "column": 0 },
        "end": { "line": 74, "column": 12 }
      },
      "74": {
        "start": { "line": 75, "column": 0 },
        "end": { "line": 75, "column": 49 }
      },
      "75": {
        "start": { "line": 76, "column": 0 },
        "end": { "line": 76, "column": 5 }
      },
      "76": {
        "start": { "line": 77, "column": 0 },
        "end": { "line": 77, "column": 4 }
      },
      "78": {
        "start": { "line": 79, "column": 0 },
        "end": { "line": 79, "column": 40 }
      },
      "79": {
        "start": { "line": 80, "column": 0 },
        "end": { "line": 80, "column": 4 }
      }
    },
    "s": {
      "1": 1,
      "2": 1,
      "21": 1,
      "22": 6,
      "23": 6,
      "24": 6,
      "25": 6,
      "26": 6,
      "27": 6,
      "29": 6,
      "30": 1,
      "31": 1,
      "32": 1,
      "33": 1,
      "35": 6,
      "36": 1,
      "37": 1,
      "38": 1,
      "40": 6,
      "41": 1,
      "42": 1,
      "44": 6,
      "45": 6,
      "46": 6,
      "47": 6,
      "48": 6,
      "49": 4,
      "50": 4,
      "51": 3,
      "52": 3,
      "53": 3,
      "54": 6,
      "55": 2,
      "56": 2,
      "57": 2,
      "58": 5,
      "59": 6,
      "60": 1,
      "61": 6,
      "62": 6,
      "63": 6,
      "64": 6,
      "66": 6,
      "67": 9,
      "68": 9,
      "69": 1,
      "70": 1,
      "71": 1,
      "72": 1,
      "73": 9,
      "74": 8,
      "75": 8,
      "76": 9,
      "78": 6,
      "79": 1
    },
    "branchMap": {
      "0": {
        "type": "branch",
        "line": 22,
        "loc": {
          "start": { "line": 22, "column": 52 },
          "end": { "line": 80, "column": 2 }
        },
        "locations": [
          {
            "start": { "line": 22, "column": 52 },
            "end": { "line": 80, "column": 2 }
          }
        ]
      },
      "1": {
        "type": "branch",
        "line": 30,
        "loc": {
          "start": { "line": 30, "column": 17 },
          "end": { "line": 34, "column": 4 }
        },
        "locations": [
          {
            "start": { "line": 30, "column": 17 },
            "end": { "line": 34, "column": 4 }
          }
        ]
      },
      "2": {
        "type": "branch",
        "line": 36,
        "loc": {
          "start": { "line": 36, "column": 11 },
          "end": { "line": 39, "column": 4 }
        },
        "locations": [
          {
            "start": { "line": 36, "column": 11 },
            "end": { "line": 39, "column": 4 }
          }
        ]
      },
      "3": {
        "type": "branch",
        "line": 41,
        "loc": {
          "start": { "line": 41, "column": 9 },
          "end": { "line": 43, "column": 4 }
        },
        "locations": [
          {
            "start": { "line": 41, "column": 9 },
            "end": { "line": 43, "column": 4 }
          }
        ]
      },
      "4": {
        "type": "branch",
        "line": 45,
        "loc": {
          "start": { "line": 45, "column": 8 },
          "end": { "line": 65, "column": 4 }
        },
        "locations": [
          {
            "start": { "line": 45, "column": 8 },
            "end": { "line": 65, "column": 4 }
          }
        ]
      },
      "5": {
        "type": "branch",
        "line": 49,
        "loc": {
          "start": { "line": 49, "column": 29 },
          "end": { "line": 55, "column": 13 }
        },
        "locations": [
          {
            "start": { "line": 49, "column": 29 },
            "end": { "line": 55, "column": 13 }
          }
        ]
      },
      "6": {
        "type": "branch",
        "line": 51,
        "loc": {
          "start": { "line": 51, "column": 53 },
          "end": { "line": 55, "column": 13 }
        },
        "locations": [
          {
            "start": { "line": 51, "column": 53 },
            "end": { "line": 55, "column": 13 }
          }
        ]
      },
      "7": {
        "type": "branch",
        "line": 55,
        "loc": {
          "start": { "line": 55, "column": 6 },
          "end": { "line": 58, "column": 7 }
        },
        "locations": [
          {
            "start": { "line": 55, "column": 6 },
            "end": { "line": 58, "column": 7 }
          }
        ]
      },
      "8": {
        "type": "branch",
        "line": 58,
        "loc": {
          "start": { "line": 58, "column": 6 },
          "end": { "line": 60, "column": 13 }
        },
        "locations": [
          {
            "start": { "line": 58, "column": 6 },
            "end": { "line": 60, "column": 13 }
          }
        ]
      },
      "9": {
        "type": "branch",
        "line": 60,
        "loc": {
          "start": { "line": 60, "column": 4 },
          "end": { "line": 62, "column": 6 }
        },
        "locations": [
          {
            "start": { "line": 60, "column": 4 },
            "end": { "line": 62, "column": 6 }
          }
        ]
      },
      "10": {
        "type": "branch",
        "line": 61,
        "loc": {
          "start": { "line": 61, "column": 42 },
          "end": { "line": 61, "column": 62 }
        },
        "locations": [
          {
            "start": { "line": 61, "column": 42 },
            "end": { "line": 61, "column": 62 }
          }
        ]
      },
      "11": {
        "type": "branch",
        "line": 53,
        "loc": {
          "start": { "line": 53, "column": 26 },
          "end": { "line": 53, "column": 59 }
        },
        "locations": [
          {
            "start": { "line": 53, "column": 26 },
            "end": { "line": 53, "column": 59 }
          }
        ]
      },
      "12": {
        "type": "branch",
        "line": 67,
        "loc": {
          "start": { "line": 67, "column": 16 },
          "end": { "line": 77, "column": 4 }
        },
        "locations": [
          {
            "start": { "line": 67, "column": 16 },
            "end": { "line": 77, "column": 4 }
          }
        ]
      },
      "13": {
        "type": "branch",
        "line": 69,
        "loc": {
          "start": { "line": 69, "column": 21 },
          "end": { "line": 74, "column": 11 }
        },
        "locations": [
          {
            "start": { "line": 69, "column": 21 },
            "end": { "line": 74, "column": 11 }
          }
        ]
      },
      "14": {
        "type": "branch",
        "line": 74,
        "loc": {
          "start": { "line": 74, "column": 4 },
          "end": { "line": 76, "column": 5 }
        },
        "locations": [
          {
            "start": { "line": 74, "column": 4 },
            "end": { "line": 76, "column": 5 }
          }
        ]
      },
      "15": {
        "type": "branch",
        "line": 71,
        "loc": {
          "start": { "line": 71, "column": 35 },
          "end": { "line": 71, "column": 56 }
        },
        "locations": [
          {
            "start": { "line": 71, "column": 35 },
            "end": { "line": 71, "column": 56 }
          }
        ]
      },
      "16": {
        "type": "branch",
        "line": 79,
        "loc": {
          "start": { "line": 79, "column": 12 },
          "end": { "line": 79, "column": 40 }
        },
        "locations": [
          {
            "start": { "line": 79, "column": 12 },
            "end": { "line": 79, "column": 40 }
          }
        ]
      }
    },
    "b": {
      "0": [6],
      "1": [1],
      "2": [1],
      "3": [1],
      "4": [6],
      "5": [4],
      "6": [3],
      "7": [2],
      "8": [5],
      "9": [1],
      "10": [0],
      "11": [22],
      "12": [9],
      "13": [1],
      "14": [8],
      "15": [1],
      "16": [2]
    },
    "fnMap": {
      "0": {
        "name": "setSearchTerm",
        "decl": {
          "start": { "line": 30, "column": 17 },
          "end": { "line": 34, "column": 4 }
        },
        "loc": {
          "start": { "line": 30, "column": 17 },
          "end": { "line": 34, "column": 4 }
        },
        "line": 30
      },
      "1": {
        "name": "setPage",
        "decl": {
          "start": { "line": 36, "column": 11 },
          "end": { "line": 39, "column": 4 }
        },
        "loc": {
          "start": { "line": 36, "column": 11 },
          "end": { "line": 39, "column": 4 }
        },
        "line": 36
      },
      "2": {
        "name": "retry",
        "decl": {
          "start": { "line": 41, "column": 9 },
          "end": { "line": 43, "column": 4 }
        },
        "loc": {
          "start": { "line": 41, "column": 9 },
          "end": { "line": 43, "column": 4 }
        },
        "line": 41
      },
      "3": {
        "name": "load",
        "decl": {
          "start": { "line": 45, "column": 8 },
          "end": { "line": 65, "column": 4 }
        },
        "loc": {
          "start": { "line": 45, "column": 8 },
          "end": { "line": 65, "column": 4 }
        },
        "line": 45
      },
      "4": {
        "name": "toggleSelect",
        "decl": {
          "start": { "line": 67, "column": 16 },
          "end": { "line": 77, "column": 4 }
        },
        "loc": {
          "start": { "line": 67, "column": 16 },
          "end": { "line": 77, "column": 4 }
        },
        "line": 67
      },
      "5": {
        "name": "clearAll",
        "decl": {
          "start": { "line": 79, "column": 12 },
          "end": { "line": 79, "column": 40 }
        },
        "loc": {
          "start": { "line": 79, "column": 12 },
          "end": { "line": 79, "column": 40 }
        },
        "line": 79
      }
    },
    "f": { "0": 1, "1": 1, "2": 1, "3": 6, "4": 9, "5": 2 }
  },
  "/Users/tatanapulatova/RS-React/src/top-controlls/SearchInput.tsx": {
    "path": "/Users/tatanapulatova/RS-React/src/top-controlls/SearchInput.tsx",
    "all": false,
    "statementMap": {
      "0": {
        "start": { "line": 1, "column": 0 },
        "end": { "line": 1, "column": 26 }
      },
      "3": {
        "start": { "line": 4, "column": 0 },
        "end": { "line": 4, "column": 63 }
      },
      "4": {
        "start": { "line": 5, "column": 0 },
        "end": { "line": 5, "column": 13 }
      },
      "5": {
        "start": { "line": 6, "column": 0 },
        "end": { "line": 6, "column": 16 }
      },
      "6": {
        "start": { "line": 7, "column": 0 },
        "end": { "line": 7, "column": 11 }
      },
      "7": {
        "start": { "line": 8, "column": 0 },
        "end": { "line": 8, "column": 10 }
      },
      "8": {
        "start": { "line": 9, "column": 0 },
        "end": { "line": 9, "column": 8 }
      },
      "9": {
        "start": { "line": 10, "column": 0 },
        "end": { "line": 10, "column": 10 }
      },
      "10": {
        "start": { "line": 11, "column": 0 },
        "end": { "line": 11, "column": 7 }
      },
      "11": {
        "start": { "line": 12, "column": 0 },
        "end": { "line": 12, "column": 57 }
      },
      "13": {
        "start": { "line": 14, "column": 0 },
        "end": { "line": 14, "column": 10 }
      },
      "14": {
        "start": { "line": 15, "column": 0 },
        "end": { "line": 15, "column": 54 }
      },
      "15": {
        "start": { "line": 16, "column": 0 },
        "end": { "line": 16, "column": 34 }
      },
      "16": {
        "start": { "line": 17, "column": 0 },
        "end": { "line": 17, "column": 34 }
      },
      "17": {
        "start": { "line": 18, "column": 0 },
        "end": { "line": 18, "column": 12 }
      },
      "18": {
        "start": { "line": 19, "column": 0 },
        "end": { "line": 19, "column": 12 }
      },
      "19": {
        "start": { "line": 20, "column": 0 },
        "end": { "line": 20, "column": 26 }
      },
      "20": {
        "start": { "line": 21, "column": 0 },
        "end": { "line": 21, "column": 32 }
      },
      "21": {
        "start": { "line": 22, "column": 0 },
        "end": { "line": 22, "column": 19 }
      },
      "22": {
        "start": { "line": 23, "column": 0 },
        "end": { "line": 23, "column": 52 }
      },
      "23": {
        "start": { "line": 24, "column": 0 },
        "end": { "line": 24, "column": 32 }
      },
      "24": {
        "start": { "line": 25, "column": 0 },
        "end": { "line": 25, "column": 8 }
      },
      "25": {
        "start": { "line": 26, "column": 0 },
        "end": { "line": 26, "column": 13 }
      },
      "26": {
        "start": { "line": 27, "column": 0 },
        "end": { "line": 27, "column": 21 }
      },
      "27": {
        "start": { "line": 28, "column": 0 },
        "end": { "line": 28, "column": 29 }
      },
      "28": {
        "start": { "line": 29, "column": 0 },
        "end": { "line": 29, "column": 40 }
      },
      "30": {
        "start": { "line": 31, "column": 0 },
        "end": { "line": 31, "column": 43 }
      },
      "31": {
        "start": { "line": 32, "column": 0 },
        "end": { "line": 32, "column": 15 }
      },
      "32": {
        "start": { "line": 33, "column": 0 },
        "end": { "line": 33, "column": 17 }
      },
      "33": {
        "start": { "line": 34, "column": 0 },
        "end": { "line": 34, "column": 39 }
      },
      "34": {
        "start": { "line": 35, "column": 0 },
        "end": { "line": 35, "column": 56 }
      },
      "35": {
        "start": { "line": 36, "column": 0 },
        "end": { "line": 36, "column": 17 }
      },
      "36": {
        "start": { "line": 37, "column": 0 },
        "end": { "line": 37, "column": 25 }
      },
      "37": {
        "start": { "line": 38, "column": 0 },
        "end": { "line": 38, "column": 29 }
      },
      "38": {
        "start": { "line": 39, "column": 0 },
        "end": { "line": 39, "column": 43 }
      },
      "39": {
        "start": { "line": 40, "column": 0 },
        "end": { "line": 40, "column": 11 }
      },
      "41": {
        "start": { "line": 42, "column": 0 },
        "end": { "line": 42, "column": 19 }
      },
      "42": {
        "start": { "line": 43, "column": 0 },
        "end": { "line": 43, "column": 14 }
      },
      "44": {
        "start": { "line": 45, "column": 0 },
        "end": { "line": 45, "column": 11 }
      },
      "46": {
        "start": { "line": 47, "column": 0 },
        "end": { "line": 47, "column": 2 }
      }
    },
    "s": {
      "0": 1,
      "3": 1,
      "4": 40,
      "5": 40,
      "6": 40,
      "7": 40,
      "8": 40,
      "9": 40,
      "10": 40,
      "11": 40,
      "13": 40,
      "14": 40,
      "15": 40,
      "16": 40,
      "17": 40,
      "18": 40,
      "19": 40,
      "20": 40,
      "21": 40,
      "22": 40,
      "23": 40,
      "24": 40,
      "25": 40,
      "26": 40,
      "27": 40,
      "28": 40,
      "30": 40,
      "31": 40,
      "32": 40,
      "33": 2,
      "34": 2,
      "35": 2,
      "36": 2,
      "37": 2,
      "38": 2,
      "39": 2,
      "41": 2,
      "42": 2,
      "44": 40,
      "46": 40
    },
    "branchMap": {
      "0": {
        "type": "branch",
        "line": 4,
        "loc": {
          "start": { "line": 4, "column": 61 },
          "end": { "line": 47, "column": 2 }
        },
        "locations": [
          {
            "start": { "line": 4, "column": 61 },
            "end": { "line": 47, "column": 2 }
          }
        ]
      },
      "1": {
        "type": "branch",
        "line": 12,
        "loc": {
          "start": { "line": 12, "column": 21 },
          "end": { "line": 12, "column": 57 }
        },
        "locations": [
          {
            "start": { "line": 12, "column": 21 },
            "end": { "line": 12, "column": 57 }
          }
        ]
      },
      "2": {
        "type": "branch",
        "line": 31,
        "loc": {
          "start": { "line": 31, "column": 9 },
          "end": { "line": 31, "column": 34 }
        },
        "locations": [
          {
            "start": { "line": 31, "column": 9 },
            "end": { "line": 31, "column": 34 }
          }
        ]
      },
      "3": {
        "type": "branch",
        "line": 31,
        "loc": {
          "start": { "line": 31, "column": 19 },
          "end": { "line": 31, "column": 43 }
        },
        "locations": [
          {
            "start": { "line": 31, "column": 19 },
            "end": { "line": 31, "column": 43 }
          }
        ]
      },
      "4": {
        "type": "branch",
        "line": 33,
        "loc": {
          "start": { "line": 33, "column": 7 },
          "end": { "line": 43, "column": 14 }
        },
        "locations": [
          {
            "start": { "line": 33, "column": 7 },
            "end": { "line": 43, "column": 14 }
          }
        ]
      }
    },
    "b": { "0": [40], "1": [24], "2": [16], "3": [24], "4": [2] },
    "fnMap": {
      "0": {
        "name": "SearchControls",
        "decl": {
          "start": { "line": 4, "column": 61 },
          "end": { "line": 47, "column": 2 }
        },
        "loc": {
          "start": { "line": 4, "column": 61 },
          "end": { "line": 47, "column": 2 }
        },
        "line": 4
      }
    },
    "f": { "0": 40 }
  }
}
